2025-06-26 13:42:43,798 - PokeXHelper - INFO - PokeXGames Helper logging initialized
2025-06-26 13:42:44,025 - PokeXHelper - INFO - Initializing PokeXGames Helper
2025-06-26 13:42:44,027 - PokeXHelper - INFO - Components initialized successfully
2025-06-26 13:42:44,045 - PokeXHelper - INFO - PokeXGames Helper interface initialized
2025-06-26 13:42:44,049 - PokeXHelper - INFO - Configuration loaded from file
2025-06-26 13:42:44,049 - PokeXHelper - INFO - Selection configured from saved coordinates: (64,516) to (260,528)
2025-06-26 13:42:44,203 - PokeXHelper - INFO - Selection configured from saved coordinates: (3173,46) to (3436,366)
2025-06-26 13:42:44,326 - PokeXHelper - INFO - Selection configured from saved coordinates: (13,412) to (280,787)
2025-06-26 13:42:44,454 - PokeXHelper - INFO - Loaded 2 navigation steps
2025-06-26 13:42:44,464 - PokeXHelper - ERROR - Error loading configuration: 'InterfaceManager' object has no attribute 'controls_panel'
Traceback (most recent call last):
  File "C:\repositories\pxg-helper\app\gui\config_manager.py", line 17, in load_configuration
    self._load_helper_settings(config)
  File "C:\repositories\pxg-helper\app\gui\config_manager.py", line 74, in _load_helper_settings
    self.main_app.interface_manager.controls_panel.load_settings_from_config(config)
    ^^^^^^^^^^^^^^^^^^^^^^^^^^^^^^^^^^^^^^^^^^^^^^
AttributeError: 'InterfaceManager' object has no attribute 'controls_panel'
2025-06-26 13:42:44,468 - PokeXHelper - INFO - PokeXGames Helper GUI initialized successfully
2025-06-26 13:42:59,178 - PokeXHelper - INFO - Configuration loaded from file
2025-06-26 13:42:59,178 - PokeXHelper - INFO - Saving health_bar: (64,516) to (260,528)
2025-06-26 13:42:59,179 - PokeXHelper - INFO - Saving minimap: (3173,46) to (3436,366)
2025-06-26 13:42:59,180 - PokeXHelper - INFO - Saving battle_area: (13,412) to (280,787)
2025-06-26 13:42:59,180 - PokeXHelper - ERROR - Error saving configuration: 'InterfaceManager' object has no attribute 'controls_panel'
Traceback (most recent call last):
  File "C:\repositories\pxg-helper\app\gui\config_manager.py", line 124, in save_configuration
    self.main_app.interface_manager.controls_panel.save_settings_to_config(config)
    ^^^^^^^^^^^^^^^^^^^^^^^^^^^^^^^^^^^^^^^^^^^^^^
AttributeError: 'InterfaceManager' object has no attribute 'controls_panel'
2025-06-26 13:42:59,182 - PokeXHelper - ERROR - Error during cleanup: 'InterfaceManager' object has no attribute 'controls_panel'
