2025-06-26 12:45:28,933 - PokeXHelper - INFO - PokeXGames Helper logging initialized
2025-06-26 12:45:29,106 - PokeXHelper - INFO - Initializing PokeXGames Helper
2025-06-26 12:45:29,108 - PokeXHelper - INFO - Components initialized successfully
2025-06-26 12:45:29,138 - PokeXHelper - INFO - PokeXGames Helper interface initialized
2025-06-26 12:45:29,141 - PokeXHelper - INFO - Configuration loaded from file
2025-06-26 12:45:29,141 - PokeXHelper - INFO - Selection configured from saved coordinates: (64,516) to (260,528)
2025-06-26 12:45:29,198 - PokeXHelper - INFO - Loaded health_bar: (64,516) to (260,528)
2025-06-26 12:45:29,268 - PokeXHelper - INFO - Selection configured from saved coordinates: (3173,46) to (3436,366)
2025-06-26 12:45:29,326 - PokeXHelper - INFO - Loaded minimap: (3173,46) to (3436,366)
2025-06-26 12:45:29,375 - PokeXHelper - INFO - Selection configured from saved coordinates: (13,412) to (280,787)
2025-06-26 12:45:29,426 - PokeXHelper - INFO - Loaded battle_area: (13,412) to (280,787)
2025-06-26 12:45:29,476 - PokeXHelper - WARNING - Could not load template for step 1: step 2
2025-06-26 12:45:29,477 - PokeXHelper - INFO - Refreshing steps display - 1 steps
2025-06-26 12:45:30,022 - PokeXHelper - INFO - Loaded 1 navigation steps
2025-06-26 12:45:30,023 - PokeXHelper - INFO - Configuration loaded: 3/3 areas restored
2025-06-26 12:45:30,023 - PokeXHelper - INFO - PokeXGames Helper GUI initialized successfully
2025-06-26 12:45:34,940 - PokeXHelper - INFO - Removing step 1: 'step 2'
2025-06-26 12:45:34,941 - PokeXHelper - INFO - Step 1 removed, remaining steps: 0
2025-06-26 12:45:34,945 - PokeXHelper - INFO - Refreshing steps display - 0 steps
2025-06-26 12:45:37,690 - PokeXHelper - INFO - Starting settings save...
2025-06-26 12:45:37,692 - PokeXHelper - INFO - Icon cleanup failed: 'NavigationManager' object has no attribute 'cleanup_unused_icons'
2025-06-26 12:45:37,692 - PokeXHelper - INFO - Configuration loaded from file
2025-06-26 12:45:37,693 - PokeXHelper - INFO - Saving health_bar: (64,516) to (260,528)
2025-06-26 12:45:37,693 - PokeXHelper - INFO - Saving minimap: (3173,46) to (3436,366)
2025-06-26 12:45:37,693 - PokeXHelper - INFO - Saving battle_area: (13,412) to (280,787)
2025-06-26 12:45:37,694 - PokeXHelper - INFO - Serialized 0 steps for saving
2025-06-26 12:45:37,695 - PokeXHelper - INFO - Configuration saved to file
2025-06-26 12:45:37,695 - PokeXHelper - INFO - Configuration saved successfully - 3/3 areas saved
2025-06-26 12:45:37,695 - PokeXHelper - INFO - Settings saved successfully
2025-06-26 12:45:57,267 - PokeXHelper - INFO - Added step 1: 'step 1' with icon path: assets/navigation_icons\step_1_1750952757.png
2025-06-26 12:45:57,268 - PokeXHelper - INFO - Created step 1: 'step 1'
2025-06-26 12:46:00,709 - PokeXHelper - INFO - Select an icon for 'step 1' within the minimap area
2025-06-26 12:46:00,710 - PokeXHelper - INFO - Starting area selection: Select Icon for 'step 1' (in minimap area)
2025-06-26 12:46:00,824 - PokeXHelper - INFO - Area selection window created successfully
2025-06-26 12:46:02,822 - PokeXHelper - INFO - Selection complete: (3263, 140) to (3298, 160), size: 35x20
2025-06-26 12:46:03,748 - PokeXHelper - INFO - Select Icon for 'step 1' (in minimap area) selection confirmed: (3263, 140) to (3298, 160)
2025-06-26 12:46:03,821 - PokeXHelper - INFO - Saved and loaded icon for step 1: assets/navigation_icons\step_1_1750952757.png
2025-06-26 12:46:03,821 - PokeXHelper - INFO - Icon saved for step 'step 1'
2025-06-26 12:46:03,822 - PokeXHelper - INFO - Refreshing steps display - 1 steps
2025-06-26 12:46:03,823 - PokeXHelper - ERROR - Error in completion callback: cannot access local variable 'os' where it is not associated with a value
2025-06-26 12:46:06,141 - PokeXHelper - INFO - Configuration loaded from file
2025-06-26 12:46:06,141 - PokeXHelper - INFO - Saving health_bar: (64,516) to (260,528)
2025-06-26 12:46:06,142 - PokeXHelper - INFO - Saving minimap: (3173,46) to (3436,366)
2025-06-26 12:46:06,142 - PokeXHelper - INFO - Saving battle_area: (13,412) to (280,787)
2025-06-26 12:46:06,143 - PokeXHelper - INFO - Serialized 1 steps for saving
2025-06-26 12:46:06,144 - PokeXHelper - INFO - Configuration saved to file
2025-06-26 12:46:06,144 - PokeXHelper - INFO - Configuration saved successfully - 3/3 areas saved
2025-06-26 12:46:06,144 - PokeXHelper - INFO - Application closing gracefully
