2025-06-26 15:38:21,209 - PokeXHelper - INFO - PokeXGames Helper logging initialized
2025-06-26 15:38:21,401 - PokeXHelper - INFO - Initializing PokeXGames Helper
2025-06-26 15:38:21,475 - PokeXHelper - INFO - Components initialized successfully
2025-06-26 15:38:21,536 - PokeXHelper - INFO - PokeXGames Helper interface initialized
2025-06-26 15:38:21,542 - PokeXHelper - INFO - Configuration loaded from file
2025-06-26 15:38:21,542 - PokeXHelper - INFO - Selection configured from saved coordinates: (64,516) to (260,528)
2025-06-26 15:38:21,823 - PokeXHelper - INFO - Selection configured from saved coordinates: (3173,46) to (3436,366)
2025-06-26 15:38:22,087 - PokeXHelper - INFO - Selection configured from saved coordinates: (13,412) to (280,787)
2025-06-26 15:38:22,354 - PokeXHelper - INFO - Configuration loaded from file
2025-06-26 15:38:22,354 - PokeXHelper - INFO - Selection configured from saved coordinates: (3171,50) to (3292,73)
2025-06-26 15:38:22,489 - PokeXHelper - INFO - Loaded 4 navigation steps
2025-06-26 15:38:22,645 - PokeXHelper - INFO - PokeXGames Helper GUI initialized successfully
2025-06-26 15:38:29,693 - PokeXHelper - INFO - Starting navigation with 4 valid steps
2025-06-26 15:38:29,695 - PokeXHelper - INFO -  Starting navigation sequence with 4 steps
2025-06-26 15:38:29,695 - PokeXHelper - INFO -  Found 4 active steps, 4 ready with icons
2025-06-26 15:38:29,695 - PokeXHelper - INFO -  Processing step 1/4: 'step first'
2025-06-26 15:38:29,696 - PokeXHelper - INFO -  Executing step 1: 'step first' (attempt 1/2)
2025-06-26 15:38:29,854 - PokeXHelper - INFO -  Found step 1 icon at (3281, 206) with 100.0% confidence (attempt 1/2)
2025-06-26 15:38:30,111 - PokeXHelper - INFO -  Clicked at (3281, 206) for step 1 (attempt 1/2)
2025-06-26 15:38:30,162 - PokeXHelper - INFO -  Moved mouse to screen center (1720, 720)
2025-06-26 15:38:30,162 - PokeXHelper - INFO -  Waiting 4.0 seconds for step completion
2025-06-26 15:38:35,235 - PokeXHelper - INFO - OCR method 'adaptive_threshold' successful: (3953, 3633, 6)
2025-06-26 15:38:35,237 - PokeXHelper - INFO -  Step 1 'step first' completed successfully
2025-06-26 15:38:35,237 - PokeXHelper - INFO -  Processing step 2/4: 'step second'
2025-06-26 15:38:35,238 - PokeXHelper - INFO -  Executing step 2: 'step second' (attempt 1/2)
2025-06-26 15:38:35,371 - PokeXHelper - INFO -  Found step 2 icon at (3333, 263) with 100.0% confidence (attempt 1/2)
2025-06-26 15:38:35,631 - PokeXHelper - INFO -  Clicked at (3333, 263) for step 2 (attempt 1/2)
2025-06-26 15:38:35,683 - PokeXHelper - INFO -  Moved mouse to screen center (1720, 720)
2025-06-26 15:38:35,683 - PokeXHelper - INFO -  Waiting 6.0 seconds for step completion
2025-06-26 15:38:43,118 - PokeXHelper - INFO - OCR method 'color_isolation' successful: (3958, 3644, 6)
2025-06-26 15:38:43,120 - PokeXHelper - INFO -  Step 2 'step second' completed successfully
2025-06-26 15:38:43,120 - PokeXHelper - INFO -  Processing step 3/4: 'exclamacao'
2025-06-26 15:38:43,120 - PokeXHelper - INFO -  Executing step 3: 'exclamacao' (attempt 1/2)
2025-06-26 15:38:43,258 - PokeXHelper - INFO -  Found step 3 icon at (3317, 150) with 97.2% confidence (attempt 1/2)
2025-06-26 15:38:43,518 - PokeXHelper - INFO -  Clicked at (3317, 150) for step 3 (attempt 1/2)
2025-06-26 15:38:43,569 - PokeXHelper - INFO -  Moved mouse to screen center (1720, 720)
2025-06-26 15:38:43,569 - PokeXHelper - INFO -  Waiting 5.0 seconds for step completion
2025-06-26 15:38:49,356 - PokeXHelper - INFO - OCR method 'adaptive_threshold' successful: (3960, 3633, 6)
2025-06-26 15:38:49,360 - PokeXHelper - WARNING -  Step 3 validation failed, retrying...
2025-06-26 15:38:50,362 - PokeXHelper - INFO -  Executing step 3: 'exclamacao' (attempt 2/2)
2025-06-26 15:38:50,503 - PokeXHelper - WARNING -  Step 3 icon not found in minimap (attempt 2/2)
2025-06-26 15:38:50,504 - PokeXHelper - ERROR -  Navigation failed at step 3 'exclamacao' after retries
2025-06-26 15:38:50,504 - PokeXHelper - WARNING -  Navigation sequence failed - retrying from beginning in 5 seconds
2025-06-26 15:38:55,504 - PokeXHelper - INFO -  Processing step 1/4: 'step first'
2025-06-26 15:38:55,504 - PokeXHelper - INFO -  Executing step 1: 'step first' (attempt 1/2)
2025-06-26 15:38:55,658 - PokeXHelper - INFO -  Found step 1 icon at (3271, 206) with 100.0% confidence (attempt 1/2)
2025-06-26 15:38:55,926 - PokeXHelper - INFO -  Clicked at (3271, 206) for step 1 (attempt 1/2)
2025-06-26 15:38:55,978 - PokeXHelper - INFO -  Moved mouse to screen center (1720, 720)
2025-06-26 15:38:55,978 - PokeXHelper - INFO -  Waiting 4.0 seconds for step completion
2025-06-26 15:39:00,750 - PokeXHelper - INFO - OCR method 'adaptive_threshold' successful: (3953, 3633, 6)
2025-06-26 15:39:00,751 - PokeXHelper - INFO -  Step 1 'step first' completed successfully
2025-06-26 15:39:00,751 - PokeXHelper - INFO -  Processing step 2/4: 'step second'
2025-06-26 15:39:00,751 - PokeXHelper - INFO -  Executing step 2: 'step second' (attempt 1/2)
2025-06-26 15:39:00,890 - PokeXHelper - INFO -  Found step 2 icon at (3333, 263) with 100.0% confidence (attempt 1/2)
2025-06-26 15:39:01,162 - PokeXHelper - INFO -  Clicked at (3333, 263) for step 2 (attempt 1/2)
2025-06-26 15:39:01,213 - PokeXHelper - INFO -  Moved mouse to screen center (1720, 720)
2025-06-26 15:39:01,213 - PokeXHelper - INFO -  Waiting 6.0 seconds for step completion
2025-06-26 15:39:08,668 - PokeXHelper - INFO - OCR method 'color_isolation' successful: (3958, 3644, 6)
2025-06-26 15:39:08,669 - PokeXHelper - INFO -  Step 2 'step second' completed successfully
2025-06-26 15:39:08,669 - PokeXHelper - INFO -  Processing step 3/4: 'exclamacao'
2025-06-26 15:39:08,669 - PokeXHelper - INFO -  Executing step 3: 'exclamacao' (attempt 1/2)
2025-06-26 15:39:08,800 - PokeXHelper - INFO -  Found step 3 icon at (3317, 150) with 97.2% confidence (attempt 1/2)
2025-06-26 15:39:09,165 - PokeXHelper - INFO -  Clicked at (3317, 150) for step 3 (attempt 1/2)
2025-06-26 15:39:09,317 - PokeXHelper - INFO -  Moved mouse to screen center (1720, 720)
2025-06-26 15:39:09,317 - PokeXHelper - INFO -  Waiting 5.0 seconds for step completion
