2025-06-26 15:48:08,887 - PokeXHelper - INFO - PokeXGames Helper logging initialized
2025-06-26 15:48:09,062 - PokeXHelper - INFO - Initializing PokeXGames Helper
2025-06-26 15:48:09,068 - PokeXHelper - INFO - Components initialized successfully
2025-06-26 15:48:09,093 - PokeXHelper - INFO - PokeXGames Helper interface initialized
2025-06-26 15:48:09,111 - PokeXHelper - INFO - Configuration loaded from file
2025-06-26 15:48:09,111 - PokeXHelper - INFO - Selection configured from saved coordinates: (64,516) to (260,528)
2025-06-26 15:48:09,401 - PokeXHelper - INFO - Selection configured from saved coordinates: (3173,46) to (3436,366)
2025-06-26 15:48:09,665 - PokeXHelper - INFO - Selection configured from saved coordinates: (13,412) to (280,787)
2025-06-26 15:48:09,914 - PokeXHelper - INFO - Configuration loaded from file
2025-06-26 15:48:09,915 - PokeXHelper - INFO - Selection configured from saved coordinates: (3171,50) to (3292,73)
2025-06-26 15:48:10,067 - PokeXHelper - INFO - Loaded 4 navigation steps
2025-06-26 15:48:10,242 - PokeXHelper - INFO - PokeXGames Helper GUI initialized successfully
2025-06-26 15:48:45,386 - PokeXHelper - INFO - Found 4 icon files in use: {'step_3_1750962727881.png', 'step_2_1750953061.png', 'step_4_1750962809755.png', 'step_1_1750953011.png'}
2025-06-26 15:48:45,386 - PokeXHelper - INFO - No unused icon files to clean up
2025-06-26 15:48:45,388 - PokeXHelper - INFO - Configuration loaded from file
2025-06-26 15:48:45,388 - PokeXHelper - INFO - Saving health_bar: (64,516) to (260,528)
2025-06-26 15:48:45,388 - PokeXHelper - INFO - Saving minimap: (3173,46) to (3436,366)
2025-06-26 15:48:45,388 - PokeXHelper - INFO - Saving battle_area: (13,412) to (280,787)
2025-06-26 15:48:45,388 - PokeXHelper - INFO - Saving coordinate area: (3171,50) to (3292,73)
2025-06-26 15:48:45,389 - PokeXHelper - INFO - Serialized 4 steps for saving
2025-06-26 15:48:45,390 - PokeXHelper - INFO - Configuration saved to file
2025-06-26 15:48:45,390 - PokeXHelper - INFO - Configuration saved successfully - 3/3 areas saved
2025-06-26 15:48:46,476 - PokeXHelper - INFO - Starting navigation with 4 valid steps
2025-06-26 15:48:46,477 - PokeXHelper - INFO -  Starting navigation sequence with 4 steps
2025-06-26 15:48:46,478 - PokeXHelper - INFO -  Found 4 active steps, 4 ready with icons
2025-06-26 15:48:46,478 - PokeXHelper - INFO -  Processing step 1/4: 'step first'
2025-06-26 15:48:46,478 - PokeXHelper - INFO -  Executing step 1: 'step first' (attempt 1/2)
2025-06-26 15:48:46,618 - PokeXHelper - INFO -  Found step 1 icon at (3239, 208) with 78.9% confidence (attempt 1/2)
2025-06-26 15:48:46,884 - PokeXHelper - INFO -  Clicked at (3239, 208) for step 1 (attempt 1/2)
2025-06-26 15:48:46,935 - PokeXHelper - INFO -  Moved mouse to screen center (1720, 720)
2025-06-26 15:48:46,935 - PokeXHelper - INFO -  Waiting 8.0 seconds for step completion
2025-06-26 15:48:56,156 - PokeXHelper - INFO - OCR method 'color_isolation' successful: (3953, 3633, 6)
2025-06-26 15:48:56,156 - PokeXHelper - INFO - [SUCCESS] Step 1 validated - reached target coordinates
2025-06-26 15:48:56,156 - PokeXHelper - INFO -  Step 1 'step first' completed successfully
2025-06-26 15:48:56,156 - PokeXHelper - INFO -  Processing step 2/4: 'step second'
2025-06-26 15:48:56,158 - PokeXHelper - INFO -  Executing step 2: 'step second' (attempt 1/2)
2025-06-26 15:48:56,289 - PokeXHelper - WARNING -  Step 2 icon not found in minimap (attempt 1/2)
2025-06-26 15:48:56,289 - PokeXHelper - INFO -  Retrying step 2 in 2 seconds...
2025-06-26 15:48:58,291 - PokeXHelper - INFO -  Executing step 2: 'step second' (attempt 2/2)
2025-06-26 15:48:58,443 - PokeXHelper - WARNING -  Step 2 icon not found in minimap (attempt 2/2)
2025-06-26 15:48:58,444 - PokeXHelper - ERROR -  Navigation failed at step 2 'step second' after retries
2025-06-26 15:48:58,444 - PokeXHelper - WARNING -  Navigation sequence failed - retrying from beginning in 5 seconds
2025-06-26 15:49:03,445 - PokeXHelper - INFO -  Processing step 1/4: 'step first'
2025-06-26 15:49:03,446 - PokeXHelper - INFO -  Executing step 1: 'step first' (attempt 1/2)
2025-06-26 15:49:03,583 - PokeXHelper - WARNING -  Step 1 icon not found in minimap (attempt 1/2)
2025-06-26 15:49:03,583 - PokeXHelper - INFO -  Retrying step 1 in 2 seconds...
2025-06-26 15:49:05,584 - PokeXHelper - INFO -  Executing step 1: 'step first' (attempt 2/2)
2025-06-26 15:49:05,715 - PokeXHelper - WARNING -  Step 1 icon not found in minimap (attempt 2/2)
2025-06-26 15:49:05,715 - PokeXHelper - ERROR -  Navigation failed at step 1 'step first' after retries
2025-06-26 15:49:05,715 - PokeXHelper - WARNING -  Navigation sequence failed - retrying from beginning in 5 seconds
2025-06-26 15:49:10,716 - PokeXHelper - INFO -  Processing step 1/4: 'step first'
2025-06-26 15:49:10,717 - PokeXHelper - INFO -  Executing step 1: 'step first' (attempt 1/2)
2025-06-26 15:49:10,872 - PokeXHelper - WARNING -  Step 1 icon not found in minimap (attempt 1/2)
2025-06-26 15:49:10,872 - PokeXHelper - INFO -  Retrying step 1 in 2 seconds...
2025-06-26 15:49:12,873 - PokeXHelper - INFO -  Executing step 1: 'step first' (attempt 2/2)
2025-06-26 15:49:13,022 - PokeXHelper - WARNING -  Step 1 icon not found in minimap (attempt 2/2)
2025-06-26 15:49:13,023 - PokeXHelper - ERROR -  Navigation failed at step 1 'step first' after retries
2025-06-26 15:49:13,023 - PokeXHelper - WARNING -  Navigation sequence failed - retrying from beginning in 5 seconds
2025-06-26 15:49:18,024 - PokeXHelper - INFO -  Processing step 1/4: 'step first'
2025-06-26 15:49:18,025 - PokeXHelper - INFO -  Executing step 1: 'step first' (attempt 1/2)
2025-06-26 15:49:18,149 - PokeXHelper - WARNING -  Step 1 icon not found in minimap (attempt 1/2)
2025-06-26 15:49:18,150 - PokeXHelper - INFO -  Retrying step 1 in 2 seconds...
2025-06-26 15:49:20,151 - PokeXHelper - INFO -  Executing step 1: 'step first' (attempt 2/2)
2025-06-26 15:49:20,291 - PokeXHelper - WARNING -  Step 1 icon not found in minimap (attempt 2/2)
2025-06-26 15:49:20,291 - PokeXHelper - ERROR -  Navigation failed at step 1 'step first' after retries
2025-06-26 15:49:20,292 - PokeXHelper - WARNING -  Navigation sequence failed - retrying from beginning in 5 seconds
2025-06-26 15:49:25,293 - PokeXHelper - INFO -  Processing step 1/4: 'step first'
2025-06-26 15:49:25,293 - PokeXHelper - INFO -  Executing step 1: 'step first' (attempt 1/2)
2025-06-26 15:49:25,464 - PokeXHelper - WARNING -  Step 1 icon not found in minimap (attempt 1/2)
2025-06-26 15:49:25,466 - PokeXHelper - INFO -  Retrying step 1 in 2 seconds...
2025-06-26 15:49:27,467 - PokeXHelper - INFO -  Executing step 1: 'step first' (attempt 2/2)
2025-06-26 15:49:27,592 - PokeXHelper - WARNING -  Step 1 icon not found in minimap (attempt 2/2)
2025-06-26 15:49:27,592 - PokeXHelper - ERROR -  Navigation failed at step 1 'step first' after retries
2025-06-26 15:49:27,592 - PokeXHelper - WARNING -  Navigation sequence failed - retrying from beginning in 5 seconds
2025-06-26 15:49:32,593 - PokeXHelper - INFO -  Processing step 1/4: 'step first'
2025-06-26 15:49:32,593 - PokeXHelper - INFO -  Executing step 1: 'step first' (attempt 1/2)
2025-06-26 15:49:32,716 - PokeXHelper - INFO -  Found step 1 icon at (3281, 201) with 99.6% confidence (attempt 1/2)
2025-06-26 15:49:32,990 - PokeXHelper - INFO -  Clicked at (3281, 201) for step 1 (attempt 1/2)
2025-06-26 15:49:33,041 - PokeXHelper - INFO -  Moved mouse to screen center (1720, 720)
2025-06-26 15:49:33,041 - PokeXHelper - INFO -  Waiting 8.0 seconds for step completion
2025-06-26 15:49:41,808 - PokeXHelper - INFO - OCR method 'adaptive_threshold' successful: (3953, 3633, 6)
2025-06-26 15:49:41,808 - PokeXHelper - INFO - [SUCCESS] Step 1 validated - reached target coordinates
2025-06-26 15:49:41,809 - PokeXHelper - INFO -  Step 1 'step first' completed successfully
2025-06-26 15:49:41,809 - PokeXHelper - INFO -  Processing step 2/4: 'step second'
2025-06-26 15:49:41,809 - PokeXHelper - INFO -  Executing step 2: 'step second' (attempt 1/2)
2025-06-26 15:49:41,948 - PokeXHelper - INFO -  Found step 2 icon at (3333, 263) with 99.6% confidence (attempt 1/2)
2025-06-26 15:49:42,201 - PokeXHelper - INFO -  Clicked at (3333, 263) for step 2 (attempt 1/2)
2025-06-26 15:49:42,252 - PokeXHelper - INFO -  Moved mouse to screen center (1720, 720)
2025-06-26 15:49:42,252 - PokeXHelper - INFO -  Waiting 6.0 seconds for step completion
2025-06-26 15:49:49,638 - PokeXHelper - INFO - OCR method 'color_isolation' successful: (3958, 3644, 6)
2025-06-26 15:49:49,638 - PokeXHelper - INFO - [SUCCESS] Step 2 validated - reached target coordinates
2025-06-26 15:49:49,638 - PokeXHelper - INFO -  Step 2 'step second' completed successfully
2025-06-26 15:49:49,639 - PokeXHelper - INFO -  Processing step 3/4: 'exclamacao'
2025-06-26 15:49:49,639 - PokeXHelper - INFO -  Executing step 3: 'exclamacao' (attempt 1/2)
2025-06-26 15:49:49,781 - PokeXHelper - INFO -  Found step 3 icon at (3317, 150) with 97.0% confidence (attempt 1/2)
2025-06-26 15:49:50,033 - PokeXHelper - INFO -  Clicked at (3317, 150) for step 3 (attempt 1/2)
2025-06-26 15:49:50,084 - PokeXHelper - INFO -  Moved mouse to screen center (1720, 720)
2025-06-26 15:49:50,084 - PokeXHelper - INFO -  Waiting 5.0 seconds for step completion
2025-06-26 15:49:55,856 - PokeXHelper - INFO - OCR method 'adaptive_threshold' successful: (3960, 3633, 6)
2025-06-26 15:49:55,856 - PokeXHelper - WARNING - [WARNING] Step 3 validation failed - distance: 270.0
2025-06-26 15:49:55,856 - PokeXHelper - WARNING -  Step 3 validation failed, retrying...
2025-06-26 15:49:56,856 - PokeXHelper - INFO -  Executing step 3: 'exclamacao' (attempt 2/2)
2025-06-26 15:49:56,996 - PokeXHelper - WARNING -  Step 3 icon not found in minimap (attempt 2/2)
2025-06-26 15:49:56,996 - PokeXHelper - ERROR -  Navigation failed at step 3 'exclamacao' after retries
2025-06-26 15:49:56,996 - PokeXHelper - WARNING -  Navigation sequence failed - retrying from beginning in 5 seconds
2025-06-26 15:50:01,998 - PokeXHelper - INFO -  Processing step 1/4: 'step first'
2025-06-26 15:50:01,998 - PokeXHelper - INFO -  Executing step 1: 'step first' (attempt 1/2)
2025-06-26 15:50:02,137 - PokeXHelper - INFO -  Found step 1 icon at (3271, 206) with 99.6% confidence (attempt 1/2)
2025-06-26 15:50:02,390 - PokeXHelper - INFO -  Clicked at (3271, 206) for step 1 (attempt 1/2)
2025-06-26 15:50:02,541 - PokeXHelper - INFO -  Moved mouse to screen center (1720, 720)
2025-06-26 15:50:02,541 - PokeXHelper - INFO -  Waiting 8.0 seconds for step completion
2025-06-26 15:50:11,323 - PokeXHelper - INFO - OCR method 'adaptive_threshold' successful: (3961, 3633, 6)
2025-06-26 15:50:11,323 - PokeXHelper - INFO - [SUCCESS] Step 1 validated - reached target coordinates
2025-06-26 15:50:11,324 - PokeXHelper - INFO -  Step 1 'step first' completed successfully
2025-06-26 15:50:11,325 - PokeXHelper - INFO -  Processing step 2/4: 'step second'
2025-06-26 15:50:11,325 - PokeXHelper - INFO -  Executing step 2: 'step second' (attempt 1/2)
2025-06-26 15:50:11,450 - PokeXHelper - INFO -  Found step 2 icon at (3290, 265) with 91.0% confidence (attempt 1/2)
2025-06-26 15:50:11,703 - PokeXHelper - INFO -  Clicked at (3290, 265) for step 2 (attempt 1/2)
2025-06-26 15:50:11,754 - PokeXHelper - INFO -  Moved mouse to screen center (1720, 720)
2025-06-26 15:50:11,754 - PokeXHelper - INFO -  Waiting 6.0 seconds for step completion
2025-06-26 15:50:18,557 - PokeXHelper - INFO - OCR method 'adaptive_threshold' successful: (3964, 3631, 6)
2025-06-26 15:50:18,557 - PokeXHelper - INFO - [SUCCESS] Step 2 validated - reached target coordinates
2025-06-26 15:50:18,557 - PokeXHelper - INFO -  Step 2 'step second' completed successfully
2025-06-26 15:50:18,558 - PokeXHelper - INFO -  Processing step 3/4: 'exclamacao'
2025-06-26 15:50:18,558 - PokeXHelper - INFO -  Executing step 3: 'exclamacao' (attempt 1/2)
2025-06-26 15:50:18,689 - PokeXHelper - INFO -  Found step 3 icon at (3287, 215) with 97.0% confidence (attempt 1/2)
2025-06-26 15:50:18,942 - PokeXHelper - INFO -  Clicked at (3287, 215) for step 3 (attempt 1/2)
2025-06-26 15:50:18,993 - PokeXHelper - INFO -  Moved mouse to screen center (1720, 720)
2025-06-26 15:50:18,994 - PokeXHelper - INFO -  Waiting 5.0 seconds for step completion
