2025-06-26 14:00:47,050 - PokeXHelper - INFO - PokeXGames Helper logging initialized
2025-06-26 14:00:47,288 - PokeXHelper - INFO - Initializing PokeXGames Helper
2025-06-26 14:00:47,318 - PokeXHelper - INFO - Components initialized successfully
2025-06-26 14:00:47,345 - PokeXHelper - INFO - PokeXGames Helper interface initialized
2025-06-26 14:00:47,348 - PokeXHelper - INFO - Configuration loaded from file
2025-06-26 14:00:47,349 - PokeXHelper - INFO - Selection configured from saved coordinates: (64,516) to (260,528)
2025-06-26 14:00:47,712 - PokeXHelper - INFO - Selection configured from saved coordinates: (3173,46) to (3436,366)
2025-06-26 14:00:47,980 - PokeXHelper - INFO - Selection configured from saved coordinates: (13,412) to (280,787)
2025-06-26 14:00:48,249 - PokeXHelper - INFO - Loaded 2 navigation steps
2025-06-26 14:00:48,255 - PokeXHelper - INFO - PokeXGames Helper GUI initialized successfully
2025-06-26 14:00:58,068 - PokeXHelper - INFO - Starting navigation with 2 valid steps
2025-06-26 14:00:58,276 - PokeXHelper - INFO -  Starting navigation sequence with 2 steps
2025-06-26 14:00:58,287 - PokeXHelper - INFO -  Found 2 active steps, 2 ready with icons
2025-06-26 14:00:58,298 - PokeXHelper - INFO -  Processing step 1/2: 'step first'
2025-06-26 14:00:58,304 - PokeXHelper - INFO -  Executing step 1: 'step first'
2025-06-26 14:00:58,465 - PokeXHelper - INFO -  Found step 1 icon at (3286, 206) with 100.0% confidence
2025-06-26 14:00:58,748 - PokeXHelper - INFO -  Clicked at (3286, 206) for step 1
2025-06-26 14:00:58,752 - PokeXHelper - INFO -  Waiting 4.0 seconds for step completion
2025-06-26 14:01:02,763 - PokeXHelper - INFO -  Validating completion of step 1: 'step first'
2025-06-26 14:01:03,273 - PokeXHelper - INFO -  Step has coordinate validation: 3953,3633,6
2025-06-26 14:01:03,288 - PokeXHelper - INFO -  Coordinate check: Expected (3953, 3633), Actual (3304, 206)
2025-06-26 14:01:03,304 - PokeXHelper - INFO -  X difference: 649, Y difference: 3427 (margin: 2)
2025-06-26 14:01:03,318 - PokeXHelper - INFO -  Coordinate validation failed on attempt 1, retrying...
2025-06-26 14:01:04,338 - PokeXHelper - INFO -  Coordinate check: Expected (3953, 3633), Actual (3304, 206)
2025-06-26 14:01:04,350 - PokeXHelper - INFO -  X difference: 649, Y difference: 3427 (margin: 2)
2025-06-26 14:01:04,367 - PokeXHelper - INFO -  Coordinate validation failed on attempt 2, retrying...
2025-06-26 14:01:05,392 - PokeXHelper - INFO -  Coordinate check: Expected (3953, 3633), Actual (3304, 206)
2025-06-26 14:01:05,410 - PokeXHelper - INFO -  X difference: 649, Y difference: 3427 (margin: 2)
2025-06-26 14:01:05,432 - PokeXHelper - INFO -  Coordinate validation failed on attempt 3, retrying...
2025-06-26 14:01:06,465 - PokeXHelper - INFO -  Coordinate check: Expected (3953, 3633), Actual (3304, 206)
2025-06-26 14:01:06,492 - PokeXHelper - INFO -  X difference: 649, Y difference: 3427 (margin: 2)
2025-06-26 14:01:06,516 - PokeXHelper - INFO -  Coordinate validation failed on attempt 4, retrying...
2025-06-26 14:01:07,544 - PokeXHelper - INFO -  Coordinate check: Expected (3953, 3633), Actual (3304, 206)
2025-06-26 14:01:07,566 - PokeXHelper - INFO -  X difference: 649, Y difference: 3427 (margin: 2)
2025-06-26 14:01:07,588 - PokeXHelper - INFO -  Coordinate validation failed on attempt 5, retrying...
2025-06-26 14:01:08,616 - PokeXHelper - WARNING -  Coordinate validation failed after 5 attempts
2025-06-26 14:01:08,635 - PokeXHelper - ERROR -  Navigation failed at step 1 'step first'
2025-06-26 14:01:08,654 - PokeXHelper - INFO -  Navigation sequence completed - restarting from beginning
2025-06-26 14:01:10,672 - PokeXHelper - INFO -  Processing step 1/2: 'step first'
2025-06-26 14:01:10,690 - PokeXHelper - INFO -  Executing step 1: 'step first'
2025-06-26 14:01:10,852 - PokeXHelper - WARNING -  Step 1 icon not found in minimap
2025-06-26 14:01:10,864 - PokeXHelper - ERROR -  Navigation failed at step 1 'step first'
2025-06-26 14:01:10,880 - PokeXHelper - INFO -  Navigation sequence completed - restarting from beginning
2025-06-26 14:01:12,896 - PokeXHelper - INFO -  Processing step 1/2: 'step first'
2025-06-26 14:01:12,908 - PokeXHelper - INFO -  Executing step 1: 'step first'
2025-06-26 14:01:13,060 - PokeXHelper - WARNING -  Step 1 icon not found in minimap
2025-06-26 14:01:13,070 - PokeXHelper - ERROR -  Navigation failed at step 1 'step first'
2025-06-26 14:01:13,084 - PokeXHelper - INFO -  Navigation sequence completed - restarting from beginning
2025-06-26 14:01:15,101 - PokeXHelper - INFO -  Processing step 1/2: 'step first'
2025-06-26 14:01:15,112 - PokeXHelper - INFO -  Executing step 1: 'step first'
2025-06-26 14:01:15,283 - PokeXHelper - WARNING -  Step 1 icon not found in minimap
2025-06-26 14:01:15,298 - PokeXHelper - ERROR -  Navigation failed at step 1 'step first'
2025-06-26 14:01:15,314 - PokeXHelper - INFO -  Navigation sequence completed - restarting from beginning
2025-06-26 14:01:17,329 - PokeXHelper - INFO -  Processing step 1/2: 'step first'
2025-06-26 14:01:17,339 - PokeXHelper - INFO -  Executing step 1: 'step first'
2025-06-26 14:01:17,494 - PokeXHelper - WARNING -  Step 1 icon not found in minimap
2025-06-26 14:01:17,499 - PokeXHelper - ERROR -  Navigation failed at step 1 'step first'
2025-06-26 14:01:17,510 - PokeXHelper - INFO -  Navigation sequence completed - restarting from beginning
2025-06-26 14:01:19,522 - PokeXHelper - INFO -  Processing step 1/2: 'step first'
2025-06-26 14:01:19,531 - PokeXHelper - INFO -  Executing step 1: 'step first'
2025-06-26 14:01:19,679 - PokeXHelper - WARNING -  Step 1 icon not found in minimap
2025-06-26 14:01:19,687 - PokeXHelper - ERROR -  Navigation failed at step 1 'step first'
2025-06-26 14:01:19,698 - PokeXHelper - INFO -  Navigation sequence completed - restarting from beginning
2025-06-26 14:01:21,710 - PokeXHelper - INFO -  Processing step 1/2: 'step first'
2025-06-26 14:01:21,718 - PokeXHelper - INFO -  Executing step 1: 'step first'
2025-06-26 14:01:21,852 - PokeXHelper - INFO -  Found step 1 icon at (3296, 206) with 75.3% confidence
2025-06-26 14:01:22,130 - PokeXHelper - INFO -  Clicked at (3296, 206) for step 1
2025-06-26 14:01:22,149 - PokeXHelper - INFO -  Waiting 4.0 seconds for step completion
2025-06-26 14:01:26,156 - PokeXHelper - INFO -  Validating completion of step 1: 'step first'
2025-06-26 14:01:26,668 - PokeXHelper - INFO -  Step has coordinate validation: 3953,3633,6
2025-06-26 14:01:26,677 - PokeXHelper - INFO -  Coordinate check: Expected (3953, 3633), Actual (3304, 206)
2025-06-26 14:01:26,688 - PokeXHelper - INFO -  X difference: 649, Y difference: 3427 (margin: 2)
2025-06-26 14:01:26,700 - PokeXHelper - INFO -  Coordinate validation failed on attempt 1, retrying...
2025-06-26 14:01:27,721 - PokeXHelper - INFO -  Coordinate check: Expected (3953, 3633), Actual (3304, 206)
2025-06-26 14:01:27,737 - PokeXHelper - INFO -  X difference: 649, Y difference: 3427 (margin: 2)
2025-06-26 14:01:27,755 - PokeXHelper - INFO -  Coordinate validation failed on attempt 2, retrying...
2025-06-26 14:01:28,787 - PokeXHelper - INFO -  Coordinate check: Expected (3953, 3633), Actual (3304, 206)
2025-06-26 14:01:28,807 - PokeXHelper - INFO -  X difference: 649, Y difference: 3427 (margin: 2)
2025-06-26 14:01:28,827 - PokeXHelper - INFO -  Coordinate validation failed on attempt 3, retrying...
2025-06-26 14:01:29,854 - PokeXHelper - INFO -  Coordinate check: Expected (3953, 3633), Actual (3304, 206)
2025-06-26 14:01:29,875 - PokeXHelper - INFO -  X difference: 649, Y difference: 3427 (margin: 2)
2025-06-26 14:01:29,898 - PokeXHelper - INFO -  Coordinate validation failed on attempt 4, retrying...
2025-06-26 14:01:30,921 - PokeXHelper - INFO -  Coordinate check: Expected (3953, 3633), Actual (3304, 206)
2025-06-26 14:01:30,942 - PokeXHelper - INFO -  X difference: 649, Y difference: 3427 (margin: 2)
2025-06-26 14:01:30,967 - PokeXHelper - INFO -  Coordinate validation failed on attempt 5, retrying...
2025-06-26 14:01:31,989 - PokeXHelper - WARNING -  Coordinate validation failed after 5 attempts
2025-06-26 14:01:32,008 - PokeXHelper - ERROR -  Navigation failed at step 1 'step first'
2025-06-26 14:01:32,028 - PokeXHelper - INFO -  Navigation sequence completed - restarting from beginning
2025-06-26 14:01:34,058 - PokeXHelper - INFO -  Processing step 1/2: 'step first'
2025-06-26 14:01:34,076 - PokeXHelper - INFO -  Executing step 1: 'step first'
2025-06-26 14:01:34,220 - PokeXHelper - INFO -  Found step 1 icon at (3281, 206) with 100.0% confidence
2025-06-26 14:01:34,503 - PokeXHelper - INFO -  Clicked at (3281, 206) for step 1
2025-06-26 14:01:34,515 - PokeXHelper - INFO -  Waiting 4.0 seconds for step completion
2025-06-26 14:01:38,534 - PokeXHelper - INFO -  Validating completion of step 1: 'step first'
2025-06-26 14:01:39,047 - PokeXHelper - INFO -  Step has coordinate validation: 3953,3633,6
2025-06-26 14:01:39,060 - PokeXHelper - INFO -  Coordinate check: Expected (3953, 3633), Actual (3304, 206)
2025-06-26 14:01:39,074 - PokeXHelper - INFO -  X difference: 649, Y difference: 3427 (margin: 2)
2025-06-26 14:01:39,088 - PokeXHelper - INFO -  Coordinate validation failed on attempt 1, retrying...
2025-06-26 14:01:40,112 - PokeXHelper - INFO -  Coordinate check: Expected (3953, 3633), Actual (3304, 206)
2025-06-26 14:01:40,129 - PokeXHelper - INFO -  X difference: 649, Y difference: 3427 (margin: 2)
2025-06-26 14:01:40,148 - PokeXHelper - INFO -  Coordinate validation failed on attempt 2, retrying...
2025-06-26 14:01:41,179 - PokeXHelper - INFO -  Coordinate check: Expected (3953, 3633), Actual (3304, 206)
2025-06-26 14:01:41,198 - PokeXHelper - INFO -  X difference: 649, Y difference: 3427 (margin: 2)
2025-06-26 14:01:41,218 - PokeXHelper - INFO -  Coordinate validation failed on attempt 3, retrying...
2025-06-26 14:01:42,253 - PokeXHelper - INFO -  Coordinate check: Expected (3953, 3633), Actual (3304, 206)
2025-06-26 14:01:42,287 - PokeXHelper - INFO -  X difference: 649, Y difference: 3427 (margin: 2)
2025-06-26 14:01:42,309 - PokeXHelper - INFO -  Coordinate validation failed on attempt 4, retrying...
2025-06-26 14:01:42,992 - PokeXHelper - INFO - Stopping navigation...
2025-06-26 14:01:45,002 - PokeXHelper - INFO - Navigation stopped
2025-06-26 14:01:45,057 - PokeXHelper - INFO -  Coordinate check: Expected (3953, 3633), Actual (3304, 206)
2025-06-26 14:01:45,077 - PokeXHelper - INFO -  X difference: 649, Y difference: 3427 (margin: 2)
2025-06-26 14:01:45,098 - PokeXHelper - INFO -  Coordinate validation failed on attempt 5, retrying...
2025-06-26 14:01:46,112 - PokeXHelper - WARNING -  Coordinate validation failed after 5 attempts
2025-06-26 14:01:46,132 - PokeXHelper - ERROR -  Navigation failed at step 1 'step first'
2025-06-26 14:01:46,161 - PokeXHelper - INFO -  Navigation sequence ended
