2025-06-26 12:32:51,895 - PokeXHelper - INFO - PokeXGames Helper logging initialized
2025-06-26 12:32:52,145 - PokeXHelper - INFO - Initializing PokeXGames Helper
2025-06-26 12:32:52,169 - PokeXHelper - INFO - Components initialized successfully
2025-06-26 12:32:52,202 - PokeXHelper - INFO - PokeXGames Helper interface initialized
2025-06-26 12:32:52,204 - PokeXHelper - INFO - Configuration loaded from file
2025-06-26 12:32:52,205 - PokeXHelper - INFO - Selection configured from saved coordinates: (64,516) to (260,528)
2025-06-26 12:32:52,278 - PokeXHelper - INFO - Loaded health_bar: (64,516) to (260,528)
2025-06-26 12:32:52,342 - PokeXHelper - INFO - Selection configured from saved coordinates: (3173,46) to (3436,366)
2025-06-26 12:32:52,388 - PokeXHelper - INFO - Loaded minimap: (3173,46) to (3436,366)
2025-06-26 12:32:52,440 - PokeXHelper - INFO - Selection configured from saved coordinates: (13,412) to (280,787)
2025-06-26 12:32:52,488 - PokeXHelper - INFO - Loaded battle_area: (13,412) to (280,787)
2025-06-26 12:32:53,005 - PokeXHelper - ERROR - Error loading configuration: cannot access local variable 'os' where it is not associated with a value
Traceback (most recent call last):
  File "C:\repositories\pxg-helper\app\gui.py", line 353, in _load_configuration
    self.navigation_panel.refresh_steps_display()
  File "C:\repositories\pxg-helper\app\ui\navigation_panel.py", line 134, in refresh_steps_display
    self.create_step_widget(step, i)
  File "C:\repositories\pxg-helper\app\ui\navigation_panel.py", line 180, in create_step_widget
    os.path.exists(step.icon_image_path))
    ^^
UnboundLocalError: cannot access local variable 'os' where it is not associated with a value
2025-06-26 12:32:53,008 - PokeXHelper - INFO - Error loading configuration - using defaults
2025-06-26 12:32:53,008 - PokeXHelper - INFO - PokeXGames Helper GUI initialized successfully
2025-06-26 12:33:00,501 - PokeXHelper - INFO - Deleted icon file: assets/navigation_icons\step_1_1750951230.png
2025-06-26 12:33:03,636 - PokeXHelper - INFO - Starting Health Bar selection...
2025-06-26 12:33:03,637 - PokeXHelper - INFO - Starting area selection: Health Bar
2025-06-26 12:33:03,752 - PokeXHelper - INFO - Area selection window created successfully
2025-06-26 12:33:07,505 - PokeXHelper - INFO - Selection cancelled by user (ESC key)
2025-06-26 12:33:10,845 - PokeXHelper - INFO - Configuration loaded from file
2025-06-26 12:33:10,846 - PokeXHelper - INFO - Saving health_bar: (64,516) to (260,528)
2025-06-26 12:33:10,846 - PokeXHelper - INFO - Saving minimap: (3173,46) to (3436,366)
2025-06-26 12:33:10,846 - PokeXHelper - INFO - Saving battle_area: (13,412) to (280,787)
2025-06-26 12:33:10,847 - PokeXHelper - INFO - Configuration saved to file
2025-06-26 12:33:10,847 - PokeXHelper - INFO - Configuration saved successfully - 3/3 areas saved
2025-06-26 12:33:10,848 - PokeXHelper - INFO - Application closing gracefully
