2025-06-26 12:18:14,376 - PokeXHelper - INFO - PokeXGames Helper logging initialized
2025-06-26 12:18:14,621 - PokeXHelper - INFO - Initializing PokeXGames Helper
2025-06-26 12:18:14,655 - PokeXHelper - INFO - Components initialized successfully
2025-06-26 12:18:14,694 - PokeXHelper - INFO - PokeXGames Helper interface initialized
2025-06-26 12:18:14,698 - PokeXHelper - INFO - Configuration loaded from file
2025-06-26 12:18:14,699 - PokeXHelper - INFO - Configuration loaded from file
2025-06-26 12:18:14,699 - PokeXHelper - INFO - PokeXGames Helper GUI initialized successfully
2025-06-26 12:18:58,099 - PokeXHelper - INFO - Starting Health Bar selection...
2025-06-26 12:18:58,100 - PokeXHelper - INFO - Starting area selection: Health Bar
2025-06-26 12:18:58,101 - PokeXHelper - INFO - Desktop bounds: (0, 0) to (3440, 1440) = 3440x1440
2025-06-26 12:18:58,101 - PokeXHelper - INFO - Creating selection window with desktop bounds: (0, 0, 3440, 1440)
2025-06-26 12:18:58,175 - PokeXHelper - INFO - Screenshot captured with size: (3440, 1440)
2025-06-26 12:18:58,234 - PokeXHelper - INFO - Area selection window created successfully
2025-06-26 12:19:02,091 - PokeXHelper - INFO - Selection complete: (64, 516) to (260, 528), size: 196x12
2025-06-26 12:19:02,091 - PokeXHelper - INFO - Selection made: (64, 516) to (260, 528)
2025-06-26 12:19:03,213 - PokeXHelper - INFO - Health Bar selection confirmed: (64, 516) to (260, 528)
2025-06-26 12:19:03,220 - PokeXHelper - INFO - Health Bar selection completed
2025-06-26 12:19:04,480 - PokeXHelper - INFO - Starting Minimap Area selection...
2025-06-26 12:19:04,482 - PokeXHelper - INFO - Starting area selection: Minimap Area
2025-06-26 12:19:04,482 - PokeXHelper - INFO - Desktop bounds: (0, 0) to (3440, 1440) = 3440x1440
2025-06-26 12:19:04,482 - PokeXHelper - INFO - Creating selection window with desktop bounds: (0, 0, 3440, 1440)
2025-06-26 12:19:04,547 - PokeXHelper - INFO - Screenshot captured with size: (3440, 1440)
2025-06-26 12:19:04,593 - PokeXHelper - INFO - Area selection window created successfully
2025-06-26 12:19:08,905 - PokeXHelper - INFO - Selection complete: (3173, 46) to (3436, 366), size: 263x320
2025-06-26 12:19:08,905 - PokeXHelper - INFO - Selection made: (3173, 46) to (3436, 366)
2025-06-26 12:19:10,306 - PokeXHelper - INFO - Minimap Area selection confirmed: (3173, 46) to (3436, 366)
2025-06-26 12:19:10,311 - PokeXHelper - INFO - Minimap Area selection completed
2025-06-26 12:19:12,565 - PokeXHelper - INFO - Starting Battle Area selection...
2025-06-26 12:19:12,565 - PokeXHelper - INFO - Starting area selection: Battle Area
2025-06-26 12:19:12,566 - PokeXHelper - INFO - Desktop bounds: (0, 0) to (3440, 1440) = 3440x1440
2025-06-26 12:19:12,566 - PokeXHelper - INFO - Creating selection window with desktop bounds: (0, 0, 3440, 1440)
2025-06-26 12:19:12,629 - PokeXHelper - INFO - Screenshot captured with size: (3440, 1440)
2025-06-26 12:19:12,676 - PokeXHelper - INFO - Area selection window created successfully
2025-06-26 12:19:16,872 - PokeXHelper - INFO - Selection complete: (13, 412) to (280, 787), size: 267x375
2025-06-26 12:19:16,873 - PokeXHelper - INFO - Selection made: (13, 412) to (280, 787)
2025-06-26 12:19:18,132 - PokeXHelper - INFO - Battle Area selection confirmed: (13, 412) to (280, 787)
2025-06-26 12:19:18,137 - PokeXHelper - INFO - Battle Area selection completed
2025-06-26 12:20:31,468 - PokeXHelper - INFO - Starting area selection: Select Icon for 'step 1'
2025-06-26 12:20:31,468 - PokeXHelper - INFO - Desktop bounds: (0, 0) to (3440, 1440) = 3440x1440
2025-06-26 12:20:31,469 - PokeXHelper - INFO - Creating selection window with desktop bounds: (0, 0, 3440, 1440)
2025-06-26 12:20:31,538 - PokeXHelper - INFO - Screenshot captured with size: (3440, 1440)
2025-06-26 12:20:31,582 - PokeXHelper - INFO - Area selection window created successfully
2025-06-26 12:20:37,783 - PokeXHelper - INFO - Selection complete: (3297, 199) to (3321, 217), size: 24x18
2025-06-26 12:20:37,783 - PokeXHelper - INFO - Selection made: (3297, 199) to (3321, 217)
2025-06-26 12:20:39,223 - PokeXHelper - INFO - Select Icon for 'step 1' selection confirmed: (3297, 199) to (3321, 217)
2025-06-26 12:20:39,313 - PokeXHelper - INFO - Saved icon for step 1: assets/navigation_icons\step_1_1750951230.png
2025-06-26 12:20:39,314 - PokeXHelper - INFO - Icon saved for step 'step 1'
2025-06-26 12:20:47,189 - PokeXHelper - INFO - Starting area selection: Select Icon for 'step 1'
2025-06-26 12:20:47,191 - PokeXHelper - INFO - Desktop bounds: (0, 0) to (3440, 1440) = 3440x1440
2025-06-26 12:20:47,191 - PokeXHelper - INFO - Creating selection window with desktop bounds: (0, 0, 3440, 1440)
2025-06-26 12:20:47,268 - PokeXHelper - INFO - Screenshot captured with size: (3440, 1440)
2025-06-26 12:20:47,315 - PokeXHelper - INFO - Area selection window created successfully
2025-06-26 12:20:51,987 - PokeXHelper - INFO - Selection complete: (3327, 199) to (3345, 215), size: 18x16
2025-06-26 12:20:51,988 - PokeXHelper - INFO - Selection made: (3327, 199) to (3345, 215)
2025-06-26 12:20:53,274 - PokeXHelper - INFO - Select Icon for 'step 1' selection confirmed: (3327, 199) to (3345, 215)
2025-06-26 12:20:53,361 - PokeXHelper - INFO - Saved icon for step 1: assets/navigation_icons\step_1_1750951230.png
2025-06-26 12:20:53,363 - PokeXHelper - INFO - Icon saved for step 'step 1'
2025-06-26 12:20:59,580 - PokeXHelper - INFO - Configuration loaded from file
2025-06-26 12:20:59,581 - PokeXHelper - INFO - Configuration saved to file
2025-06-26 12:20:59,581 - PokeXHelper - INFO - Configuration saved successfully
2025-06-26 12:20:59,582 - PokeXHelper - INFO - Settings saved successfully
2025-06-26 12:21:33,156 - PokeXHelper - INFO - Starting area selection: Select Icon for 'step 2'
2025-06-26 12:21:33,156 - PokeXHelper - INFO - Desktop bounds: (0, 0) to (3440, 1440) = 3440x1440
2025-06-26 12:21:33,157 - PokeXHelper - INFO - Creating selection window with desktop bounds: (0, 0, 3440, 1440)
2025-06-26 12:21:33,237 - PokeXHelper - INFO - Screenshot captured with size: (3440, 1440)
2025-06-26 12:21:33,316 - PokeXHelper - INFO - Area selection window created successfully
2025-06-26 12:21:37,241 - PokeXHelper - INFO - Selection complete: (3291, 158) to (3313, 176), size: 22x18
2025-06-26 12:21:37,241 - PokeXHelper - INFO - Selection made: (3291, 158) to (3313, 176)
2025-06-26 12:21:38,395 - PokeXHelper - INFO - Select Icon for 'step 2' selection confirmed: (3291, 158) to (3313, 176)
2025-06-26 12:21:38,476 - PokeXHelper - INFO - Saved icon for step 2: assets/navigation_icons\step_2_1750951291.png
2025-06-26 12:21:38,477 - PokeXHelper - INFO - Icon saved for step 'step 2'
2025-06-26 12:21:43,346 - PokeXHelper - INFO - Configuration loaded from file
2025-06-26 12:21:43,347 - PokeXHelper - INFO - Configuration saved to file
2025-06-26 12:21:43,347 - PokeXHelper - INFO - Configuration saved successfully
2025-06-26 12:21:43,347 - PokeXHelper - INFO - Settings saved successfully
2025-06-26 12:21:45,087 - PokeXHelper - INFO - Starting navigation sequence
2025-06-26 12:21:45,088 - PokeXHelper - INFO - Navigation started
2025-06-26 12:21:58,630 - PokeXHelper - INFO - Navigation stopped
2025-06-26 12:23:05,871 - PokeXHelper - INFO - Configuration loaded from file
2025-06-26 12:23:05,872 - PokeXHelper - INFO - Configuration saved to file
2025-06-26 12:23:05,873 - PokeXHelper - INFO - Configuration saved successfully
2025-06-26 12:23:05,873 - PokeXHelper - INFO - Settings saved successfully
2025-06-26 12:23:06,673 - PokeXHelper - INFO - Configuration loaded from file
2025-06-26 12:23:06,673 - PokeXHelper - INFO - Configuration saved to file
2025-06-26 12:23:06,675 - PokeXHelper - INFO - Configuration saved successfully
2025-06-26 12:23:06,675 - PokeXHelper - INFO - Application closing gracefully
