2025-06-26 14:30:37,875 - PokeXHelper - INFO - PokeXGames Helper logging initialized
2025-06-26 14:30:38,085 - PokeXHelper - INFO - Initializing PokeXGames Helper
2025-06-26 14:30:38,114 - PokeXHelper - INFO - Components initialized successfully
2025-06-26 14:30:38,144 - PokeXHelper - INFO - PokeXGames Helper interface initialized
2025-06-26 14:30:38,147 - PokeXHelper - INFO - Configuration loaded from file
2025-06-26 14:30:38,147 - PokeXHelper - INFO - Selection configured from saved coordinates: (64,516) to (260,528)
2025-06-26 14:30:38,479 - PokeXHelper - INFO - Selection configured from saved coordinates: (3173,46) to (3436,366)
2025-06-26 14:30:38,764 - PokeXHelper - INFO - Selection configured from saved coordinates: (13,412) to (280,787)
2025-06-26 14:30:39,026 - PokeXHelper - INFO - Loaded 2 navigation steps
2025-06-26 14:30:39,032 - PokeXHelper - INFO - PokeXGames Helper GUI initialized successfully
2025-06-26 14:30:49,037 - PokeXHelper - INFO - Starting navigation with 2 valid steps
2025-06-26 14:30:49,251 - PokeXHelper - INFO -  Starting navigation sequence with 2 steps
2025-06-26 14:30:49,263 - PokeXHelper - INFO -  Found 2 active steps, 2 ready with icons
2025-06-26 14:30:49,275 - PokeXHelper - INFO -  Processing step 1/2: 'step first'
2025-06-26 14:30:49,283 - PokeXHelper - INFO -  Executing step 1: 'step first'
2025-06-26 14:30:49,431 - PokeXHelper - WARNING -  Step 1 icon not found in minimap
2025-06-26 14:30:49,431 - PokeXHelper - ERROR -  Navigation failed at step 1 'step first'
2025-06-26 14:30:49,442 - PokeXHelper - INFO -  Navigation sequence completed - restarting from beginning
2025-06-26 14:30:51,444 - PokeXHelper - INFO -  Processing step 1/2: 'step first'
2025-06-26 14:30:51,447 - PokeXHelper - INFO -  Executing step 1: 'step first'
2025-06-26 14:30:51,589 - PokeXHelper - WARNING -  Step 1 icon not found in minimap
2025-06-26 14:30:51,596 - PokeXHelper - ERROR -  Navigation failed at step 1 'step first'
2025-06-26 14:30:51,603 - PokeXHelper - INFO -  Navigation sequence completed - restarting from beginning
2025-06-26 14:30:53,609 - PokeXHelper - INFO -  Processing step 1/2: 'step first'
2025-06-26 14:30:53,614 - PokeXHelper - INFO -  Executing step 1: 'step first'
2025-06-26 14:30:53,767 - PokeXHelper - WARNING -  Step 1 icon not found in minimap
2025-06-26 14:30:53,772 - PokeXHelper - ERROR -  Navigation failed at step 1 'step first'
2025-06-26 14:30:53,783 - PokeXHelper - INFO -  Navigation sequence completed - restarting from beginning
2025-06-26 14:30:55,795 - PokeXHelper - INFO -  Processing step 1/2: 'step first'
2025-06-26 14:30:55,802 - PokeXHelper - INFO -  Executing step 1: 'step first'
2025-06-26 14:30:55,955 - PokeXHelper - INFO -  Found step 1 icon at (3291, 216) with 98.4% confidence
2025-06-26 14:30:56,245 - PokeXHelper - INFO -  Clicked at (3291, 216) for step 1
2025-06-26 14:30:56,302 - PokeXHelper - INFO -  Moved mouse to screen center (1720, 720)
2025-06-26 14:30:56,311 - PokeXHelper - INFO -  Waiting 4.0 seconds for step completion
2025-06-26 14:31:00,329 - PokeXHelper - INFO -  Validating completion of step 1: 'step first'
2025-06-26 14:31:00,846 - PokeXHelper - INFO -  Step has coordinate validation: 3953,3633,6
2025-06-26 14:31:02,062 - PokeXHelper - INFO -  OCR detected text (threshold 180): '3993,9635,6)'
2025-06-26 14:31:02,070 - PokeXHelper - INFO -  Extracted coordinates from 4-digit numbers: (3993, 9635)
2025-06-26 14:31:02,086 - PokeXHelper - INFO -  Coordinate check: Expected (3953, 3633), Actual (3993, 9635)
2025-06-26 14:31:02,106 - PokeXHelper - INFO -  X difference: 40, Y difference: 6002 (margin: 2)
2025-06-26 14:31:02,120 - PokeXHelper - INFO -  Coordinate validation failed on attempt 1, retrying...
2025-06-26 14:31:03,950 - PokeXHelper - INFO -  OCR detected text (threshold 180): '3993,9635,6)'
2025-06-26 14:31:03,962 - PokeXHelper - INFO -  Extracted coordinates from 4-digit numbers: (3993, 9635)
2025-06-26 14:31:03,976 - PokeXHelper - INFO -  Coordinate check: Expected (3953, 3633), Actual (3993, 9635)
2025-06-26 14:31:03,992 - PokeXHelper - INFO -  X difference: 40, Y difference: 6002 (margin: 2)
2025-06-26 14:31:04,009 - PokeXHelper - INFO -  Coordinate validation failed on attempt 2, retrying...
2025-06-26 14:31:05,844 - PokeXHelper - INFO -  OCR detected text (threshold 180): '3993,9635,6)'
2025-06-26 14:31:05,861 - PokeXHelper - INFO -  Extracted coordinates from 4-digit numbers: (3993, 9635)
2025-06-26 14:31:05,880 - PokeXHelper - INFO -  Coordinate check: Expected (3953, 3633), Actual (3993, 9635)
2025-06-26 14:31:05,900 - PokeXHelper - INFO -  X difference: 40, Y difference: 6002 (margin: 2)
2025-06-26 14:31:05,919 - PokeXHelper - INFO -  Coordinate validation failed on attempt 3, retrying...
2025-06-26 14:31:07,886 - PokeXHelper - INFO -  OCR detected text (threshold 180): '3993,9635,6)'
2025-06-26 14:31:07,907 - PokeXHelper - INFO -  Extracted coordinates from 4-digit numbers: (3993, 9635)
2025-06-26 14:31:07,927 - PokeXHelper - INFO -  Coordinate check: Expected (3953, 3633), Actual (3993, 9635)
2025-06-26 14:31:07,948 - PokeXHelper - INFO -  X difference: 40, Y difference: 6002 (margin: 2)
2025-06-26 14:31:07,969 - PokeXHelper - INFO -  Coordinate validation failed on attempt 4, retrying...
