2025-06-26 12:40:34,811 - PokeXHelper - INFO - PokeXGames Helper logging initialized
2025-06-26 12:40:35,040 - PokeXHelper - INFO - Initializing PokeXGames Helper
2025-06-26 12:40:35,063 - PokeXHelper - INFO - Components initialized successfully
2025-06-26 12:40:35,092 - PokeXHelper - INFO - PokeXGames Helper interface initialized
2025-06-26 12:40:35,096 - PokeXHelper - INFO - Configuration loaded from file
2025-06-26 12:40:35,096 - PokeXHelper - INFO - Selection configured from saved coordinates: (64,516) to (260,528)
2025-06-26 12:40:35,156 - PokeXHelper - INFO - Loaded health_bar: (64,516) to (260,528)
2025-06-26 12:40:35,220 - PokeXHelper - INFO - Selection configured from saved coordinates: (3173,46) to (3436,366)
2025-06-26 12:40:35,279 - PokeXHelper - INFO - Loaded minimap: (3173,46) to (3436,366)
2025-06-26 12:40:35,329 - PokeXHelper - INFO - Selection configured from saved coordinates: (13,412) to (280,787)
2025-06-26 12:40:35,386 - PokeXHelper - INFO - Loaded battle_area: (13,412) to (280,787)
2025-06-26 12:40:35,447 - PokeXHelper - WARNING - Template file does not exist for step 1: assets/navigation_icons\step_2_1750951291.png
2025-06-26 12:40:35,448 - PokeXHelper - WARNING - Template file does not exist for step 1: assets/navigation_icons\step_2_1750951291.png
2025-06-26 12:40:35,448 - PokeXHelper - WARNING - Could not load template for step 1: step 2
2025-06-26 12:40:35,988 - PokeXHelper - INFO - Loaded 1 navigation steps
2025-06-26 12:40:35,990 - PokeXHelper - INFO - Configuration loaded: 3/3 areas restored
2025-06-26 12:40:35,990 - PokeXHelper - INFO - PokeXGames Helper GUI initialized successfully
2025-06-26 12:40:46,340 - PokeXHelper - INFO - Error saving settings: 'NavigationManager' object has no attribute 'cleanup_unused_icons'
2025-06-26 12:41:04,112 - PokeXHelper - WARNING - Template file does not exist for step 1: assets/navigation_icons\step_1_1750952464.png
2025-06-26 12:41:05,289 - PokeXHelper - INFO - Select an icon for 'step 12' within the minimap area
2025-06-26 12:41:05,289 - PokeXHelper - INFO - Starting area selection: Select Icon for 'step 12' (in minimap area)
2025-06-26 12:41:05,413 - PokeXHelper - INFO - Area selection window created successfully
2025-06-26 12:41:08,179 - PokeXHelper - INFO - Selection complete: (3295, 116) to (3321, 137), size: 26x21
2025-06-26 12:41:09,483 - PokeXHelper - INFO - Select Icon for 'step 12' (in minimap area) selection confirmed: (3295, 116) to (3321, 137)
2025-06-26 12:41:09,552 - PokeXHelper - INFO - Saved and loaded icon for step 1: assets/navigation_icons\step_1_1750952464.png
2025-06-26 12:41:09,552 - PokeXHelper - INFO - Icon saved for step 'step 12'
2025-06-26 12:41:09,558 - PokeXHelper - ERROR - Error in completion callback: cannot access local variable 'os' where it is not associated with a value
2025-06-26 12:41:42,878 - PokeXHelper - WARNING - Template file does not exist for step 2: assets/navigation_icons\step_2_1750952502.png
2025-06-26 12:41:43,965 - PokeXHelper - INFO - Select an icon for 'ads' within the minimap area
2025-06-26 12:41:43,965 - PokeXHelper - INFO - Starting area selection: Select Icon for 'ads' (in minimap area)
2025-06-26 12:41:44,085 - PokeXHelper - INFO - Area selection window created successfully
2025-06-26 12:41:45,232 - PokeXHelper - INFO - Selection complete: (3284, 111) to (3337, 149), size: 53x38
2025-06-26 12:41:46,254 - PokeXHelper - INFO - Select Icon for 'ads' (in minimap area) selection confirmed: (3284, 111) to (3337, 149)
2025-06-26 12:41:46,319 - PokeXHelper - INFO - Saved and loaded icon for step 2: assets/navigation_icons\step_2_1750952502.png
2025-06-26 12:41:46,319 - PokeXHelper - INFO - Icon saved for step 'ads'
2025-06-26 12:41:46,324 - PokeXHelper - ERROR - Error in completion callback: cannot access local variable 'os' where it is not associated with a value
2025-06-26 12:43:03,463 - PokeXHelper - WARNING - Template file does not exist for step 3: assets/navigation_icons\step_3_1750952583.png
2025-06-26 12:43:05,051 - PokeXHelper - INFO - Select an icon for 'asdsdads' within the minimap area
2025-06-26 12:43:05,051 - PokeXHelper - INFO - Starting area selection: Select Icon for 'asdsdads' (in minimap area)
2025-06-26 12:43:05,204 - PokeXHelper - INFO - Area selection window created successfully
2025-06-26 12:43:05,920 - PokeXHelper - INFO - Selection complete: (1342, 526) to (1551, 675), size: 209x149
2025-06-26 12:43:06,813 - PokeXHelper - INFO - Select Icon for 'asdsdads' (in minimap area) selection confirmed: (1342, 526) to (1551, 675)
2025-06-26 12:43:06,906 - PokeXHelper - INFO - Saved and loaded icon for step 3: assets/navigation_icons\step_3_1750952583.png
2025-06-26 12:43:06,907 - PokeXHelper - INFO - Icon saved for step 'asdsdads'
2025-06-26 12:43:06,911 - PokeXHelper - ERROR - Error in completion callback: cannot access local variable 'os' where it is not associated with a value
