2025-06-26 13:51:50,716 - PokeXHelper - INFO - PokeXGames Helper logging initialized
2025-06-26 13:51:50,897 - PokeXHelper - INFO - Initializing PokeXGames Helper
2025-06-26 13:51:50,920 - PokeXHelper - INFO - Components initialized successfully
2025-06-26 13:51:50,945 - PokeXHelper - INFO - PokeXGames Helper interface initialized
2025-06-26 13:51:50,949 - PokeXHelper - INFO - Configuration loaded from file
2025-06-26 13:51:50,950 - PokeXHelper - INFO - Selection configured from saved coordinates: (64,516) to (260,528)
2025-06-26 13:51:51,120 - PokeXHelper - INFO - Selection configured from saved coordinates: (3173,46) to (3436,366)
2025-06-26 13:51:51,266 - PokeXHelper - INFO - Selection configured from saved coordinates: (13,412) to (280,787)
2025-06-26 13:51:51,394 - PokeXHelper - INFO - Loaded 2 navigation steps
2025-06-26 13:51:51,400 - PokeXHelper - INFO - PokeXGames Helper GUI initialized successfully
2025-06-26 13:51:55,476 - PokeXHelper - INFO - Starting navigation with 2 valid steps
2025-06-26 13:51:55,477 - PokeXHelper - INFO - Starting navigation sequence with 2 steps
2025-06-26 13:51:55,478 - PokeXHelper - INFO - Found 2 active steps, 2 ready with icons
2025-06-26 13:51:55,478 - PokeXHelper - INFO - Processing step 1/2: 'step first'
2025-06-26 13:51:55,478 - PokeXHelper - INFO - Executing step 1: 'step first'
2025-06-26 13:51:55,556 - PokeXHelper - INFO - Found step 1 icon at (3281, 211) with 100.0% confidence
2025-06-26 13:51:55,829 - PokeXHelper - INFO - Clicked at (3281, 211) for step 1
2025-06-26 13:51:55,829 - PokeXHelper - INFO - Waiting 4.0 seconds for step completion
2025-06-26 13:52:00,432 - PokeXHelper - INFO - Step 1 'step first' completed successfully
2025-06-26 13:52:00,432 - PokeXHelper - INFO - Waiting 1 second before next step
2025-06-26 13:52:01,436 - PokeXHelper - INFO - Processing step 2/2: 'step second'
2025-06-26 13:52:01,436 - PokeXHelper - INFO - Executing step 2: 'step second'
2025-06-26 13:52:01,566 - PokeXHelper - INFO - Found step 2 icon at (3333, 263) with 100.0% confidence
2025-06-26 13:52:01,836 - PokeXHelper - INFO - Clicked at (3333, 263) for step 2
2025-06-26 13:52:01,844 - PokeXHelper - INFO - Waiting 6.0 seconds for step completion
2025-06-26 13:52:08,469 - PokeXHelper - INFO - Step 2 'step second' completed successfully
2025-06-26 13:52:08,469 - PokeXHelper - INFO - Navigation sequence completed - restarting from beginning
2025-06-26 13:52:10,471 - PokeXHelper - INFO - Processing step 1/2: 'step first'
2025-06-26 13:52:10,472 - PokeXHelper - INFO - Executing step 1: 'step first'
2025-06-26 13:52:10,580 - PokeXHelper - INFO - Found step 1 icon at (3281, 151) with 100.0% confidence
2025-06-26 13:52:10,853 - PokeXHelper - INFO - Clicked at (3281, 151) for step 1
2025-06-26 13:52:10,853 - PokeXHelper - INFO - Waiting 4.0 seconds for step completion
2025-06-26 13:52:15,448 - PokeXHelper - INFO - Step 1 'step first' completed successfully
2025-06-26 13:52:15,448 - PokeXHelper - INFO - Waiting 1 second before next step
2025-06-26 13:52:16,449 - PokeXHelper - INFO - Processing step 2/2: 'step second'
2025-06-26 13:52:16,449 - PokeXHelper - INFO - Executing step 2: 'step second'
2025-06-26 13:52:16,563 - PokeXHelper - INFO - Found step 2 icon at (3333, 258) with 100.0% confidence
2025-06-26 13:52:16,815 - PokeXHelper - INFO - Clicked at (3333, 258) for step 2
2025-06-26 13:52:16,817 - PokeXHelper - INFO - Waiting 6.0 seconds for step completion
2025-06-26 13:52:23,443 - PokeXHelper - INFO - Step 2 'step second' completed successfully
2025-06-26 13:52:23,444 - PokeXHelper - INFO - Navigation sequence completed - restarting from beginning
2025-06-26 13:52:25,446 - PokeXHelper - INFO - Processing step 1/2: 'step first'
2025-06-26 13:52:25,446 - PokeXHelper - INFO - Executing step 1: 'step first'
2025-06-26 13:52:25,551 - PokeXHelper - INFO - Found step 1 icon at (3281, 156) with 100.0% confidence
2025-06-26 13:52:25,803 - PokeXHelper - INFO - Clicked at (3281, 156) for step 1
2025-06-26 13:52:25,803 - PokeXHelper - INFO - Waiting 4.0 seconds for step completion
2025-06-26 13:52:30,392 - PokeXHelper - INFO - Step 1 'step first' completed successfully
2025-06-26 13:52:30,392 - PokeXHelper - INFO - Waiting 1 second before next step
2025-06-26 13:52:31,394 - PokeXHelper - INFO - Processing step 2/2: 'step second'
2025-06-26 13:52:31,394 - PokeXHelper - INFO - Executing step 2: 'step second'
2025-06-26 13:52:31,449 - PokeXHelper - INFO - Stopping navigation...
2025-06-26 13:52:31,464 - PokeXHelper - INFO - Found step 2 icon at (3333, 263) with 100.0% confidence
2025-06-26 13:52:31,730 - PokeXHelper - INFO - Clicked at (3333, 263) for step 2
2025-06-26 13:52:31,730 - PokeXHelper - INFO - Waiting 6.0 seconds for step completion
2025-06-26 13:52:33,466 - PokeXHelper - INFO - Navigation stopped
2025-06-26 13:52:38,303 - PokeXHelper - INFO - Step 2 'step second' completed successfully
2025-06-26 13:52:38,303 - PokeXHelper - INFO - Navigation sequence ended
