2025-06-26 13:43:01,376 - PokeXHelper - INFO - PokeXGames Helper logging initialized
2025-06-26 13:43:01,546 - PokeXHelper - INFO - Initializing PokeXGames Helper
2025-06-26 13:43:01,548 - PokeXHelper - INFO - Components initialized successfully
2025-06-26 13:43:01,565 - PokeXHelper - INFO - PokeXGames Helper interface initialized
2025-06-26 13:43:01,568 - PokeXHelper - INFO - Configuration loaded from file
2025-06-26 13:43:01,568 - PokeXHelper - INFO - Selection configured from saved coordinates: (64,516) to (260,528)
2025-06-26 13:43:01,693 - PokeXHelper - INFO - Selection configured from saved coordinates: (3173,46) to (3436,366)
2025-06-26 13:43:01,824 - PokeXHelper - INFO - Selection configured from saved coordinates: (13,412) to (280,787)
2025-06-26 13:43:01,960 - PokeXHelper - INFO - Loaded 2 navigation steps
2025-06-26 13:43:01,966 - PokeXHelper - ERROR - Error loading configuration: 'InterfaceManager' object has no attribute 'controls_panel'
Traceback (most recent call last):
  File "C:\repositories\pxg-helper\app\gui\config_manager.py", line 17, in load_configuration
    self._load_helper_settings(config)
  File "C:\repositories\pxg-helper\app\gui\config_manager.py", line 74, in _load_helper_settings
    self.main_app.interface_manager.controls_panel.load_settings_from_config(config)
    ^^^^^^^^^^^^^^^^^^^^^^^^^^^^^^^^^^^^^^^^^^^^^^
AttributeError: 'InterfaceManager' object has no attribute 'controls_panel'
2025-06-26 13:43:01,969 - PokeXHelper - INFO - PokeXGames Helper GUI initialized successfully
2025-06-26 13:43:18,189 - PokeXHelper - INFO - Configuration loaded from file
2025-06-26 13:43:18,189 - PokeXHelper - INFO - Saving health_bar: (64,516) to (260,528)
2025-06-26 13:43:18,190 - PokeXHelper - INFO - Saving minimap: (3173,46) to (3436,366)
2025-06-26 13:43:18,190 - PokeXHelper - INFO - Saving battle_area: (13,412) to (280,787)
2025-06-26 13:43:18,190 - PokeXHelper - ERROR - Error saving configuration: 'InterfaceManager' object has no attribute 'controls_panel'
Traceback (most recent call last):
  File "C:\repositories\pxg-helper\app\gui\config_manager.py", line 124, in save_configuration
    self.main_app.interface_manager.controls_panel.save_settings_to_config(config)
    ^^^^^^^^^^^^^^^^^^^^^^^^^^^^^^^^^^^^^^^^^^^^^^
AttributeError: 'InterfaceManager' object has no attribute 'controls_panel'
2025-06-26 13:43:18,193 - PokeXHelper - ERROR - Error during cleanup: 'InterfaceManager' object has no attribute 'controls_panel'
