2025-06-26 15:20:55,885 - PokeXHelper - INFO - PokeXGames Helper logging initialized
2025-06-26 15:20:56,085 - PokeXHelper - INFO - Initializing PokeXGames Helper
2025-06-26 15:20:56,134 - PokeXHelper - INFO - Components initialized successfully
2025-06-26 15:20:56,164 - PokeXHelper - INFO - PokeXGames Helper interface initialized
2025-06-26 15:20:56,168 - PokeXHelper - INFO - Configuration loaded from file
2025-06-26 15:20:56,168 - PokeXHelper - INFO - Selection configured from saved coordinates: (64,516) to (260,528)
2025-06-26 15:20:56,447 - PokeXHelper - INFO - Selection configured from saved coordinates: (3173,46) to (3436,366)
2025-06-26 15:20:56,711 - PokeXHelper - INFO - Selection configured from saved coordinates: (13,412) to (280,787)
2025-06-26 15:20:56,983 - PokeXHelper - INFO - Configuration loaded from file
2025-06-26 15:20:56,983 - PokeXHelper - INFO - Coordinate Display Area configured from saved coordinates: (3171,50) to (3292,73)
2025-06-26 15:20:57,107 - PokeXHelper - INFO - Loaded 2 navigation steps
2025-06-26 15:20:57,267 - PokeXHelper - INFO - PokeXGames Helper GUI initialized successfully
2025-06-26 15:21:11,404 - PokeXHelper - INFO - Starting navigation with 2 valid steps
2025-06-26 15:21:11,405 - PokeXHelper - INFO -  Starting navigation sequence with 2 steps
2025-06-26 15:21:11,405 - PokeXHelper - INFO -  Found 2 active steps, 2 ready with icons
2025-06-26 15:21:11,405 - PokeXHelper - INFO -  Processing step 1/2: 'step first'
2025-06-26 15:21:11,406 - PokeXHelper - INFO -  Executing step 1: 'step first' (attempt 1/2)
2025-06-26 15:21:11,543 - PokeXHelper - INFO -  Found step 1 icon at (3286, 206) with 100.0% confidence (attempt 1/2)
2025-06-26 15:21:11,805 - PokeXHelper - INFO -  Clicked at (3286, 206) for step 1 (attempt 1/2)
2025-06-26 15:21:11,857 - PokeXHelper - INFO -  Moved mouse to screen center (1720, 720)
2025-06-26 15:21:11,857 - PokeXHelper - INFO -  Waiting 4.0 seconds for step completion
2025-06-26 15:21:16,941 - PokeXHelper - INFO - OCR method 'adaptive_threshold' successful: (3953, 3633, 6)
2025-06-26 15:21:16,944 - PokeXHelper - INFO -  Step 1 'step first' completed successfully
2025-06-26 15:21:16,945 - PokeXHelper - INFO -  Processing step 2/2: 'step second'
2025-06-26 15:21:16,945 - PokeXHelper - INFO -  Executing step 2: 'step second' (attempt 1/2)
2025-06-26 15:21:17,074 - PokeXHelper - INFO -  Found step 2 icon at (3333, 263) with 100.0% confidence (attempt 1/2)
2025-06-26 15:21:17,341 - PokeXHelper - INFO -  Clicked at (3333, 263) for step 2 (attempt 1/2)
2025-06-26 15:21:17,392 - PokeXHelper - INFO -  Moved mouse to screen center (1720, 720)
2025-06-26 15:21:17,392 - PokeXHelper - INFO -  Waiting 6.0 seconds for step completion
2025-06-26 15:21:24,864 - PokeXHelper - INFO - OCR method 'color_isolation' successful: (3958, 3644, 6)
2025-06-26 15:21:24,866 - PokeXHelper - INFO -  Step 2 'step second' completed successfully
2025-06-26 15:21:25,867 - PokeXHelper - INFO -  Navigation sequence completed successfully - restarting from beginning
2025-06-26 15:21:25,868 - PokeXHelper - INFO -  Processing step 1/2: 'step first'
2025-06-26 15:21:25,868 - PokeXHelper - INFO -  Executing step 1: 'step first' (attempt 1/2)
2025-06-26 15:21:26,021 - PokeXHelper - INFO -  Found step 1 icon at (3281, 151) with 100.0% confidence (attempt 1/2)
2025-06-26 15:21:26,295 - PokeXHelper - INFO -  Clicked at (3281, 151) for step 1 (attempt 1/2)
2025-06-26 15:21:26,346 - PokeXHelper - INFO -  Moved mouse to screen center (1720, 720)
2025-06-26 15:21:26,346 - PokeXHelper - INFO -  Waiting 4.0 seconds for step completion
2025-06-26 15:21:31,125 - PokeXHelper - INFO - OCR method 'adaptive_threshold' successful: (3954, 3635, 6)
2025-06-26 15:21:31,126 - PokeXHelper - INFO -  Step 1 'step first' completed successfully
2025-06-26 15:21:31,126 - PokeXHelper - INFO -  Processing step 2/2: 'step second'
2025-06-26 15:21:31,126 - PokeXHelper - INFO -  Executing step 2: 'step second' (attempt 1/2)
2025-06-26 15:21:31,275 - PokeXHelper - INFO -  Found step 2 icon at (3328, 253) with 100.0% confidence (attempt 1/2)
2025-06-26 15:21:31,548 - PokeXHelper - INFO -  Clicked at (3328, 253) for step 2 (attempt 1/2)
2025-06-26 15:21:31,599 - PokeXHelper - INFO -  Moved mouse to screen center (1720, 720)
2025-06-26 15:21:31,599 - PokeXHelper - INFO -  Waiting 6.0 seconds for step completion
