2025-06-26 14:25:05,732 - PokeXHelper - INFO - PokeXGames Helper logging initialized
2025-06-26 14:25:05,949 - PokeXHelper - INFO - Initializing PokeXGames Helper
2025-06-26 14:25:05,991 - PokeXHelper - INFO - Components initialized successfully
2025-06-26 14:25:06,028 - PokeXHelper - INFO - PokeXGames Helper interface initialized
2025-06-26 14:25:06,030 - PokeXHelper - INFO - Configuration loaded from file
2025-06-26 14:25:06,031 - PokeXHelper - INFO - Selection configured from saved coordinates: (64,516) to (260,528)
2025-06-26 14:25:06,354 - PokeXHelper - INFO - Selection configured from saved coordinates: (3173,46) to (3436,366)
2025-06-26 14:25:06,620 - PokeXHelper - INFO - Selection configured from saved coordinates: (13,412) to (280,787)
2025-06-26 14:25:06,897 - PokeXHelper - INFO - Loaded 2 navigation steps
2025-06-26 14:25:06,902 - PokeXHelper - INFO - PokeXGames Helper GUI initialized successfully
2025-06-26 14:25:10,815 - PokeXHelper - INFO - Starting navigation with 2 valid steps
2025-06-26 14:25:11,011 - PokeXHelper - INFO -  Starting navigation sequence with 2 steps
2025-06-26 14:25:11,023 - PokeXHelper - INFO -  Found 2 active steps, 2 ready with icons
2025-06-26 14:25:11,033 - PokeXHelper - INFO -  Processing step 1/2: 'step first'
2025-06-26 14:25:11,041 - PokeXHelper - INFO -  Executing step 1: 'step first'
2025-06-26 14:25:11,232 - PokeXHelper - INFO -  Found step 1 icon at (3286, 216) with 100.0% confidence
2025-06-26 14:25:11,506 - PokeXHelper - INFO -  Clicked at (3286, 216) for step 1
2025-06-26 14:25:11,556 - PokeXHelper - INFO -  Moved mouse to screen center (1720, 720)
2025-06-26 14:25:11,561 - PokeXHelper - INFO -  Waiting 4.0 seconds for step completion
2025-06-26 14:25:15,574 - PokeXHelper - INFO -  Validating completion of step 1: 'step first'
2025-06-26 14:25:16,083 - PokeXHelper - INFO -  Step has coordinate validation: 3953,3633,6
2025-06-26 14:25:17,348 - PokeXHelper - INFO -  OCR detected text: '13295234334)'
2025-06-26 14:25:17,350 - PokeXHelper - INFO -  Extracted coordinates from numbers: (1329, 5234)
2025-06-26 14:25:17,361 - PokeXHelper - INFO -  Coordinate check: Expected (3953, 3633), Actual (1329, 5234)
2025-06-26 14:25:17,376 - PokeXHelper - INFO -  X difference: 2624, Y difference: 1601 (margin: 2)
2025-06-26 14:25:17,391 - PokeXHelper - INFO -  Coordinate validation failed on attempt 1, retrying...
2025-06-26 14:25:19,335 - PokeXHelper - INFO -  OCR detected text: '13295234334)'
2025-06-26 14:25:19,344 - PokeXHelper - INFO -  Extracted coordinates from numbers: (1329, 5234)
2025-06-26 14:25:19,354 - PokeXHelper - INFO -  Coordinate check: Expected (3953, 3633), Actual (1329, 5234)
2025-06-26 14:25:19,366 - PokeXHelper - INFO -  X difference: 2624, Y difference: 1601 (margin: 2)
2025-06-26 14:25:19,379 - PokeXHelper - INFO -  Coordinate validation failed on attempt 2, retrying...
2025-06-26 14:25:21,315 - PokeXHelper - INFO -  OCR detected text: '13295234334)'
2025-06-26 14:25:21,326 - PokeXHelper - INFO -  Extracted coordinates from numbers: (1329, 5234)
2025-06-26 14:25:21,339 - PokeXHelper - INFO -  Coordinate check: Expected (3953, 3633), Actual (1329, 5234)
2025-06-26 14:25:21,354 - PokeXHelper - INFO -  X difference: 2624, Y difference: 1601 (margin: 2)
2025-06-26 14:25:21,369 - PokeXHelper - INFO -  Coordinate validation failed on attempt 3, retrying...
2025-06-26 14:25:23,317 - PokeXHelper - INFO -  OCR detected text: '13295234334)'
2025-06-26 14:25:23,329 - PokeXHelper - INFO -  Extracted coordinates from numbers: (1329, 5234)
2025-06-26 14:25:23,344 - PokeXHelper - INFO -  Coordinate check: Expected (3953, 3633), Actual (1329, 5234)
2025-06-26 14:25:23,360 - PokeXHelper - INFO -  X difference: 2624, Y difference: 1601 (margin: 2)
2025-06-26 14:25:23,376 - PokeXHelper - INFO -  Coordinate validation failed on attempt 4, retrying...
