2025-06-26 12:51:22,579 - PokeXHelper - INFO - PokeXGames Helper logging initialized
2025-06-26 12:51:22,755 - PokeXHelper - INFO - Initializing PokeXGames Helper
2025-06-26 12:51:22,756 - PokeXHelper - INFO - Components initialized successfully
2025-06-26 12:51:22,784 - PokeXHelper - INFO - PokeXGames Helper interface initialized
2025-06-26 12:51:22,788 - PokeXHelper - INFO - Configuration loaded from file
2025-06-26 12:51:22,788 - PokeXHelper - INFO - Selection configured from saved coordinates: (64,516) to (260,528)
2025-06-26 12:51:22,856 - PokeXHelper - INFO - Loaded health_bar: (64,516) to (260,528)
2025-06-26 12:51:22,920 - PokeXHelper - INFO - Selection configured from saved coordinates: (3173,46) to (3436,366)
2025-06-26 12:51:22,982 - PokeXHelper - INFO - Loaded minimap: (3173,46) to (3436,366)
2025-06-26 12:51:23,033 - PokeXHelper - INFO - Selection configured from saved coordinates: (13,412) to (280,787)
2025-06-26 12:51:23,098 - PokeXHelper - INFO - Loaded battle_area: (13,412) to (280,787)
2025-06-26 12:51:23,150 - PokeXHelper - INFO - Refreshing steps display - 2 steps
2025-06-26 12:51:23,716 - PokeXHelper - INFO - Loaded 2 navigation steps
2025-06-26 12:51:23,716 - PokeXHelper - INFO - Configuration loaded: 3/3 areas restored
2025-06-26 12:51:23,716 - PokeXHelper - INFO - PokeXGames Helper GUI initialized successfully
2025-06-26 12:51:50,657 - PokeXHelper - INFO - Starting settings save...
2025-06-26 12:51:50,658 - PokeXHelper - INFO - Found 2 icon files in use: {'step_2_1750953061.png', 'step_1_1750953011.png'}
2025-06-26 12:51:50,658 - PokeXHelper - INFO - No unused icon files to clean up
2025-06-26 12:51:50,659 - PokeXHelper - INFO - Icon cleanup completed
2025-06-26 12:51:50,659 - PokeXHelper - INFO - Configuration loaded from file
2025-06-26 12:51:50,660 - PokeXHelper - INFO - Saving health_bar: (64,516) to (260,528)
2025-06-26 12:51:50,660 - PokeXHelper - INFO - Saving minimap: (3173,46) to (3436,366)
2025-06-26 12:51:50,660 - PokeXHelper - INFO - Saving battle_area: (13,412) to (280,787)
2025-06-26 12:51:50,660 - PokeXHelper - INFO - Serialized 2 steps for saving
2025-06-26 12:51:50,661 - PokeXHelper - INFO - Configuration saved to file
2025-06-26 12:51:50,661 - PokeXHelper - INFO - Configuration saved successfully - 3/3 areas saved
2025-06-26 12:51:50,661 - PokeXHelper - INFO - Settings saved successfully
2025-06-26 12:51:53,974 - PokeXHelper - INFO - Configuration loaded from file
2025-06-26 12:51:53,974 - PokeXHelper - INFO - Saving health_bar: (64,516) to (260,528)
2025-06-26 12:51:53,974 - PokeXHelper - INFO - Saving minimap: (3173,46) to (3436,366)
2025-06-26 12:51:53,975 - PokeXHelper - INFO - Saving battle_area: (13,412) to (280,787)
2025-06-26 12:51:53,975 - PokeXHelper - INFO - Serialized 2 steps for saving
2025-06-26 12:51:53,976 - PokeXHelper - INFO - Configuration saved to file
2025-06-26 12:51:53,976 - PokeXHelper - INFO - Configuration saved successfully - 3/3 areas saved
2025-06-26 12:51:53,976 - PokeXHelper - INFO - Application closing gracefully
