2025-06-26 14:10:53,438 - PokeXHelper - INFO - PokeXGames Helper logging initialized
2025-06-26 14:10:53,647 - PokeXHelper - INFO - Initializing PokeXGames Helper
2025-06-26 14:10:53,672 - PokeXHelper - INFO - Components initialized successfully
2025-06-26 14:10:53,701 - PokeXHelper - INFO - PokeXGames Helper interface initialized
2025-06-26 14:10:53,704 - PokeXHelper - INFO - Configuration loaded from file
2025-06-26 14:10:53,704 - PokeXHelper - INFO - Selection configured from saved coordinates: (64,516) to (260,528)
2025-06-26 14:10:54,085 - PokeXHelper - INFO - Selection configured from saved coordinates: (3173,46) to (3436,366)
2025-06-26 14:10:54,342 - PokeXHelper - INFO - Selection configured from saved coordinates: (13,412) to (280,787)
2025-06-26 14:10:54,618 - PokeXHelper - INFO - Loaded 2 navigation steps
2025-06-26 14:10:54,627 - PokeXHelper - INFO - PokeXGames Helper GUI initialized successfully
2025-06-26 14:11:01,355 - PokeXHelper - INFO - Starting navigation with 2 valid steps
2025-06-26 14:11:01,572 - PokeXHelper - INFO -  Starting navigation sequence with 2 steps
2025-06-26 14:11:01,583 - PokeXHelper - INFO -  Found 2 active steps, 2 ready with icons
2025-06-26 14:11:01,595 - PokeXHelper - INFO -  Processing step 1/2: 'step first'
2025-06-26 14:11:01,602 - PokeXHelper - INFO -  Executing step 1: 'step first'
2025-06-26 14:11:01,778 - PokeXHelper - INFO -  Found step 1 icon at (3281, 186) with 100.0% confidence
2025-06-26 14:11:02,068 - PokeXHelper - INFO -  Clicked at (3281, 186) for step 1
2025-06-26 14:11:02,120 - PokeXHelper - INFO -  Moved mouse to screen center (1720, 720)
2025-06-26 14:11:02,123 - PokeXHelper - INFO -  Waiting 4.0 seconds for step completion
2025-06-26 14:11:06,136 - PokeXHelper - INFO -  Validating completion of step 1: 'step first'
2025-06-26 14:11:06,652 - PokeXHelper - INFO -  Step has coordinate validation: 3953,3633,6
2025-06-26 14:11:07,532 - PokeXHelper - WARNING -  OCR failed: tesseract is not installed or it's not in your PATH. See README file for more information., using image processing
2025-06-26 14:11:07,955 - PokeXHelper - INFO -  Saved coordinate area screenshot: debug_images/coordinate_area_1750957867.png
2025-06-26 14:11:07,960 - PokeXHelper - WARNING -  Could not get current coordinates on attempt 1
2025-06-26 14:11:09,485 - PokeXHelper - WARNING -  OCR failed: tesseract is not installed or it's not in your PATH. See README file for more information., using image processing
2025-06-26 14:11:09,898 - PokeXHelper - INFO -  Saved coordinate area screenshot: debug_images/coordinate_area_1750957869.png
2025-06-26 14:11:09,902 - PokeXHelper - WARNING -  Could not get current coordinates on attempt 2
2025-06-26 14:11:11,458 - PokeXHelper - WARNING -  OCR failed: tesseract is not installed or it's not in your PATH. See README file for more information., using image processing
2025-06-26 14:11:11,883 - PokeXHelper - INFO -  Saved coordinate area screenshot: debug_images/coordinate_area_1750957871.png
2025-06-26 14:11:11,897 - PokeXHelper - WARNING -  Could not get current coordinates on attempt 3
2025-06-26 14:11:13,531 - PokeXHelper - WARNING -  OCR failed: tesseract is not installed or it's not in your PATH. See README file for more information., using image processing
2025-06-26 14:11:14,042 - PokeXHelper - INFO -  Saved coordinate area screenshot: debug_images/coordinate_area_1750957874.png
2025-06-26 14:11:14,049 - PokeXHelper - WARNING -  Could not get current coordinates on attempt 4
2025-06-26 14:11:15,708 - PokeXHelper - WARNING -  OCR failed: tesseract is not installed or it's not in your PATH. See README file for more information., using image processing
2025-06-26 14:11:16,219 - PokeXHelper - INFO -  Saved coordinate area screenshot: debug_images/coordinate_area_1750957876.png
2025-06-26 14:11:16,229 - PokeXHelper - WARNING -  Could not get current coordinates on attempt 5
2025-06-26 14:11:17,196 - PokeXHelper - INFO - Stopping navigation...
2025-06-26 14:11:19,209 - PokeXHelper - INFO - Navigation stopped
2025-06-26 14:11:19,233 - PokeXHelper - WARNING -  Coordinate validation failed after 5 attempts
2025-06-26 14:11:19,240 - PokeXHelper - ERROR -  Navigation failed at step 1 'step first'
2025-06-26 14:11:19,262 - PokeXHelper - INFO -  Navigation sequence ended
