2025-06-26 15:31:05,486 - PokeXHelper - INFO - PokeXGames Helper logging initialized
2025-06-26 15:31:05,671 - PokeXHelper - INFO - Initializing PokeXGames Helper
2025-06-26 15:31:05,675 - PokeXHelper - INFO - Components initialized successfully
2025-06-26 15:31:05,720 - PokeXHelper - INFO - PokeXGames Helper interface initialized
2025-06-26 15:31:05,725 - PokeXHelper - INFO - Configuration loaded from file
2025-06-26 15:31:05,725 - PokeXHelper - INFO - Selection configured from saved coordinates: (64,516) to (260,528)
2025-06-26 15:31:06,065 - PokeXHelper - INFO - Selection configured from saved coordinates: (3173,46) to (3436,366)
2025-06-26 15:31:06,397 - PokeXHelper - INFO - Selection configured from saved coordinates: (13,412) to (280,787)
2025-06-26 15:31:06,683 - PokeXHelper - INFO - Configuration loaded from file
2025-06-26 15:31:06,684 - PokeXHelper - INFO - Selection configured from saved coordinates: (3171,50) to (3292,73)
2025-06-26 15:31:06,818 - PokeXHelper - INFO - Loaded 2 navigation steps
2025-06-26 15:31:06,982 - PokeXHelper - INFO - PokeXGames Helper GUI initialized successfully
2025-06-26 15:32:01,793 - PokeXHelper - INFO - Added step 3: 'exclamacao' with icon path: 
2025-06-26 15:32:01,860 - PokeXHelper - INFO - Starting area selection: Select Icon for 'exclamacao' (in minimap area)
2025-06-26 15:32:02,136 - PokeXHelper - INFO - Area selection window created successfully
2025-06-26 15:32:06,503 - PokeXHelper - INFO - Selection complete: (3302, 180) to (3322, 201), size: 20x21
2025-06-26 15:32:07,719 - PokeXHelper - INFO - Select Icon for 'exclamacao' (in minimap area) selection confirmed: (3302, 180) to (3322, 201)
2025-06-26 15:32:07,887 - PokeXHelper - INFO - Saved and loaded icon for step 3: assets/navigation_icons\step_3_1750962727881.png
2025-06-26 15:33:22,886 - PokeXHelper - INFO - Added step 4: 'estrela' with icon path: 
2025-06-26 15:33:22,905 - PokeXHelper - INFO - Starting area selection: Select Icon for 'estrela' (in minimap area)
2025-06-26 15:33:23,164 - PokeXHelper - INFO - Area selection window created successfully
2025-06-26 15:33:28,461 - PokeXHelper - INFO - Selection complete: (3338, 195) to (3365, 214), size: 27x19
2025-06-26 15:33:29,617 - PokeXHelper - INFO - Select Icon for 'estrela' (in minimap area) selection confirmed: (3338, 195) to (3365, 214)
2025-06-26 15:33:29,767 - PokeXHelper - INFO - Saved and loaded icon for step 4: assets/navigation_icons\step_4_1750962809755.png
2025-06-26 15:33:35,075 - PokeXHelper - INFO - Found 4 icon files in use: {'step_3_1750962727881.png', 'step_2_1750953061.png', 'step_4_1750962809755.png', 'step_1_1750953011.png'}
2025-06-26 15:33:35,076 - PokeXHelper - INFO - No unused icon files to clean up
2025-06-26 15:33:35,077 - PokeXHelper - INFO - Configuration loaded from file
2025-06-26 15:33:35,077 - PokeXHelper - INFO - Saving health_bar: (64,516) to (260,528)
2025-06-26 15:33:35,077 - PokeXHelper - INFO - Saving minimap: (3173,46) to (3436,366)
2025-06-26 15:33:35,078 - PokeXHelper - INFO - Saving battle_area: (13,412) to (280,787)
2025-06-26 15:33:35,078 - PokeXHelper - INFO - Saving coordinate area: (3171,50) to (3292,73)
2025-06-26 15:33:35,078 - PokeXHelper - INFO - Serialized 4 steps for saving
2025-06-26 15:33:35,079 - PokeXHelper - INFO - Configuration saved to file
2025-06-26 15:33:35,079 - PokeXHelper - INFO - Configuration saved successfully - 3/3 areas saved
2025-06-26 15:33:36,256 - PokeXHelper - INFO - Configuration loaded from file
2025-06-26 15:33:36,256 - PokeXHelper - INFO - Saving health_bar: (64,516) to (260,528)
2025-06-26 15:33:36,256 - PokeXHelper - INFO - Saving minimap: (3173,46) to (3436,366)
2025-06-26 15:33:36,257 - PokeXHelper - INFO - Saving battle_area: (13,412) to (280,787)
2025-06-26 15:33:36,257 - PokeXHelper - INFO - Saving coordinate area: (3171,50) to (3292,73)
2025-06-26 15:33:36,257 - PokeXHelper - INFO - Serialized 4 steps for saving
2025-06-26 15:33:36,258 - PokeXHelper - INFO - Configuration saved to file
2025-06-26 15:33:36,258 - PokeXHelper - INFO - Configuration saved successfully - 3/3 areas saved
2025-06-26 15:33:36,258 - PokeXHelper - INFO - Application closing gracefully
