2025-06-26 13:17:21,149 - PokeXHelper - INFO - PokeXGames Helper logging initialized
2025-06-26 13:17:21,399 - PokeXHelper - INFO - Initializing PokeXGames Helper
2025-06-26 13:17:21,402 - PokeXHelper - INFO - Components initialized successfully
2025-06-26 13:17:21,434 - PokeXHelper - INFO - PokeXGames Helper interface initialized
2025-06-26 13:17:21,438 - PokeXHelper - INFO - Configuration loaded from file
2025-06-26 13:17:21,438 - PokeXHelper - INFO - Selection configured from saved coordinates: (64,516) to (260,528)
2025-06-26 13:17:21,512 - PokeXHelper - INFO - Loaded health_bar: (64,516) to (260,528)
2025-06-26 13:17:21,580 - PokeXHelper - INFO - Selection configured from saved coordinates: (3173,46) to (3436,366)
2025-06-26 13:17:21,644 - PokeXHelper - INFO - Loaded minimap: (3173,46) to (3436,366)
2025-06-26 13:17:21,707 - PokeXHelper - INFO - Selection configured from saved coordinates: (13,412) to (280,787)
2025-06-26 13:17:21,776 - PokeXHelper - INFO - Loaded battle_area: (13,412) to (280,787)
2025-06-26 13:17:21,847 - PokeXHelper - INFO - Configuration loaded: 3/3 areas restored
2025-06-26 13:17:21,849 - PokeXHelper - INFO - Refreshing steps display - 2 steps
2025-06-26 13:17:22,425 - PokeXHelper - INFO - Navigation ready with 2 configured steps
2025-06-26 13:17:22,426 - PokeXHelper - INFO - Loaded 2 navigation steps
2025-06-26 13:17:22,426 - PokeXHelper - INFO - Configuration loaded from file
2025-06-26 13:17:22,428 - PokeXHelper - INFO - PokeXGames Helper GUI initialized successfully
2025-06-26 13:17:36,128 - PokeXHelper - INFO - Starting navigation sequence
2025-06-26 13:17:36,128 - PokeXHelper - INFO - Starting navigation with 2 valid steps
2025-06-26 13:17:36,129 - PokeXHelper - INFO - Starting navigation sequence with 2 steps
2025-06-26 13:17:36,129 - PokeXHelper - INFO - Found 2 active steps, 2 ready with icons
2025-06-26 13:17:36,129 - PokeXHelper - INFO - Navigation started
2025-06-26 13:17:36,129 - PokeXHelper - INFO - Processing step 1/2: 'step first'
2025-06-26 13:17:42,086 - PokeXHelper - INFO - Stopping navigation sequence
2025-06-26 13:17:42,087 - PokeXHelper - INFO - Navigation stopped
2025-06-26 13:17:43,770 - PokeXHelper - INFO - Start Helper button clicked
2025-06-26 13:17:43,770 - PokeXHelper - INFO - Starting PokeXGames Helper...
2025-06-26 13:17:43,915 - PokeXHelper - ERROR - Error in helper loop: 'BattleDetector' object has no attribute 'count_enemy_pokemon'
2025-06-26 13:17:43,916 - PokeXHelper - INFO - Helper error: 'BattleDetector' object has no attribute 'count_enemy_pokemon'
2025-06-26 13:17:45,078 - PokeXHelper - ERROR - Error in helper loop: 'BattleDetector' object has no attribute 'count_enemy_pokemon'
2025-06-26 13:17:45,079 - PokeXHelper - INFO - Helper error: 'BattleDetector' object has no attribute 'count_enemy_pokemon'
2025-06-26 13:17:46,199 - PokeXHelper - ERROR - Error in helper loop: 'BattleDetector' object has no attribute 'count_enemy_pokemon'
2025-06-26 13:17:46,200 - PokeXHelper - INFO - Helper error: 'BattleDetector' object has no attribute 'count_enemy_pokemon'
2025-06-26 13:17:47,316 - PokeXHelper - ERROR - Error in helper loop: 'BattleDetector' object has no attribute 'count_enemy_pokemon'
2025-06-26 13:17:47,317 - PokeXHelper - INFO - Helper error: 'BattleDetector' object has no attribute 'count_enemy_pokemon'
2025-06-26 13:17:48,433 - PokeXHelper - ERROR - Error in helper loop: 'BattleDetector' object has no attribute 'count_enemy_pokemon'
2025-06-26 13:17:48,435 - PokeXHelper - INFO - Helper error: 'BattleDetector' object has no attribute 'count_enemy_pokemon'
2025-06-26 13:17:49,567 - PokeXHelper - ERROR - Error in helper loop: 'BattleDetector' object has no attribute 'count_enemy_pokemon'
2025-06-26 13:17:49,568 - PokeXHelper - INFO - Helper error: 'BattleDetector' object has no attribute 'count_enemy_pokemon'
2025-06-26 13:17:50,702 - PokeXHelper - ERROR - Error in helper loop: 'BattleDetector' object has no attribute 'count_enemy_pokemon'
2025-06-26 13:17:50,703 - PokeXHelper - INFO - Helper error: 'BattleDetector' object has no attribute 'count_enemy_pokemon'
2025-06-26 13:17:51,773 - PokeXHelper - INFO - Stop Helper button clicked
2025-06-26 13:17:51,774 - PokeXHelper - INFO - Stopping PokeXGames Helper...
2025-06-26 13:17:51,834 - PokeXHelper - ERROR - Error in helper loop: 'BattleDetector' object has no attribute 'count_enemy_pokemon'
2025-06-26 13:17:51,836 - PokeXHelper - INFO - Helper error: 'BattleDetector' object has no attribute 'count_enemy_pokemon'
2025-06-26 13:17:52,839 - PokeXHelper - INFO - Helper stopped
2025-06-26 13:18:10,975 - PokeXHelper - INFO - Starting navigation sequence
2025-06-26 13:18:10,976 - PokeXHelper - INFO - Starting navigation with 2 valid steps
2025-06-26 13:18:10,976 - PokeXHelper - INFO - Starting navigation sequence with 2 steps
2025-06-26 13:18:10,977 - PokeXHelper - INFO - Found 2 active steps, 2 ready with icons
2025-06-26 13:18:10,977 - PokeXHelper - INFO - Processing step 1/2: 'step first'
2025-06-26 13:18:10,977 - PokeXHelper - INFO - Navigation started
2025-06-26 13:18:16,903 - PokeXHelper - INFO - Stopping navigation sequence
2025-06-26 13:18:16,904 - PokeXHelper - INFO - Navigation stopped
