2025-06-26 12:33:18,120 - PokeXHelper - INFO - PokeXGames Helper logging initialized
2025-06-26 12:33:18,297 - PokeXHelper - INFO - Initializing PokeXGames Helper
2025-06-26 12:33:18,299 - PokeXHelper - INFO - Components initialized successfully
2025-06-26 12:33:18,326 - PokeXHelper - INFO - PokeXGames Helper interface initialized
2025-06-26 12:33:18,341 - PokeXHelper - INFO - Configuration loaded from file
2025-06-26 12:33:18,341 - PokeXHelper - INFO - Selection configured from saved coordinates: (64,516) to (260,528)
2025-06-26 12:33:18,412 - PokeXHelper - INFO - Loaded health_bar: (64,516) to (260,528)
2025-06-26 12:33:18,481 - PokeXHelper - INFO - Selection configured from saved coordinates: (3173,46) to (3436,366)
2025-06-26 12:33:18,537 - PokeXHelper - INFO - Loaded minimap: (3173,46) to (3436,366)
2025-06-26 12:33:18,605 - PokeXHelper - INFO - Selection configured from saved coordinates: (13,412) to (280,787)
2025-06-26 12:33:18,671 - PokeXHelper - INFO - Loaded battle_area: (13,412) to (280,787)
2025-06-26 12:33:19,240 - PokeXHelper - ERROR - Error loading configuration: cannot access local variable 'os' where it is not associated with a value
Traceback (most recent call last):
  File "C:\repositories\pxg-helper\app\gui.py", line 353, in _load_configuration
    self.navigation_panel.refresh_steps_display()
  File "C:\repositories\pxg-helper\app\ui\navigation_panel.py", line 134, in refresh_steps_display
    self.create_step_widget(step, i)
  File "C:\repositories\pxg-helper\app\ui\navigation_panel.py", line 180, in create_step_widget
    os.path.exists(step.icon_image_path))
    ^^
UnboundLocalError: cannot access local variable 'os' where it is not associated with a value
2025-06-26 12:33:19,242 - PokeXHelper - INFO - Error loading configuration - using defaults
2025-06-26 12:33:19,243 - PokeXHelper - INFO - PokeXGames Helper GUI initialized successfully
2025-06-26 12:33:32,120 - PokeXHelper - INFO - Deleted icon file: assets/navigation_icons\step_2_1750951291.png
2025-06-26 12:34:04,489 - PokeXHelper - INFO - Select an icon for 'step1' within the minimap area
2025-06-26 12:34:04,489 - PokeXHelper - INFO - Starting area selection: Select Icon for 'step1' (in minimap area)
2025-06-26 12:34:04,609 - PokeXHelper - INFO - Area selection window created successfully
2025-06-26 12:34:09,286 - PokeXHelper - INFO - Selection complete: (3261, 159) to (3284, 180), size: 23x21
2025-06-26 12:34:10,506 - PokeXHelper - INFO - Select Icon for 'step1' (in minimap area) selection confirmed: (3261, 159) to (3284, 180)
2025-06-26 12:34:10,587 - PokeXHelper - INFO - Saved icon for step 1: assets/navigation_icons\step_1_1750952043.png
2025-06-26 12:34:10,588 - PokeXHelper - INFO - Icon saved for step 'step1'
2025-06-26 12:34:10,592 - PokeXHelper - ERROR - Error in completion callback: cannot access local variable 'os' where it is not associated with a value
2025-06-26 12:34:23,641 - PokeXHelper - INFO - Deleted icon file: assets/navigation_icons\step_1_1750952043.png
2025-06-26 12:34:42,557 - PokeXHelper - INFO - Select an icon for 'step 111' within the minimap area
2025-06-26 12:34:42,557 - PokeXHelper - INFO - Starting area selection: Select Icon for 'step 111' (in minimap area)
2025-06-26 12:34:42,671 - PokeXHelper - INFO - Area selection window created successfully
2025-06-26 12:34:47,206 - PokeXHelper - INFO - Selection complete: (3259, 160) to (3281, 178), size: 22x18
2025-06-26 12:34:48,277 - PokeXHelper - INFO - Select Icon for 'step 111' (in minimap area) selection confirmed: (3259, 160) to (3281, 178)
2025-06-26 12:34:48,361 - PokeXHelper - INFO - Saved icon for step 1: assets/navigation_icons\step_1_1750952081.png
2025-06-26 12:34:48,361 - PokeXHelper - INFO - Icon saved for step 'step 111'
2025-06-26 12:34:48,368 - PokeXHelper - ERROR - Error in completion callback: cannot access local variable 'os' where it is not associated with a value
2025-06-26 12:36:04,453 - PokeXHelper - INFO - Select an icon for 'step 222' within the minimap area
2025-06-26 12:36:04,453 - PokeXHelper - INFO - Starting area selection: Select Icon for 'step 222' (in minimap area)
2025-06-26 12:36:04,590 - PokeXHelper - INFO - Area selection window created successfully
2025-06-26 12:36:08,307 - PokeXHelper - INFO - Selection complete: (3298, 194) to (3303, 211), size: 5x17
2025-06-26 12:36:09,200 - PokeXHelper - INFO - Select Icon for 'step 222' (in minimap area) selection confirmed: (3298, 194) to (3303, 211)
2025-06-26 12:36:09,282 - PokeXHelper - INFO - Saved icon for step 2: assets/navigation_icons\step_2_1750952163.png
2025-06-26 12:36:09,282 - PokeXHelper - INFO - Icon saved for step 'step 222'
2025-06-26 12:36:09,288 - PokeXHelper - ERROR - Error in completion callback: cannot access local variable 'os' where it is not associated with a value
2025-06-26 12:36:37,424 - PokeXHelper - INFO - Select an icon for 'step 5' within the minimap area
2025-06-26 12:36:37,424 - PokeXHelper - INFO - Starting area selection: Select Icon for 'step 5' (in minimap area)
2025-06-26 12:36:37,552 - PokeXHelper - INFO - Area selection window created successfully
2025-06-26 12:36:41,072 - PokeXHelper - INFO - Selection complete: (3257, 139) to (3295, 164), size: 38x25
2025-06-26 12:36:42,244 - PokeXHelper - INFO - Select Icon for 'step 5' (in minimap area) selection confirmed: (3257, 139) to (3295, 164)
2025-06-26 12:36:42,336 - PokeXHelper - INFO - Saved icon for step 3: assets/navigation_icons\step_3_1750952196.png
2025-06-26 12:36:42,336 - PokeXHelper - INFO - Icon saved for step 'step 5'
2025-06-26 12:36:42,340 - PokeXHelper - ERROR - Error in completion callback: cannot access local variable 'os' where it is not associated with a value
