2025-06-26 13:11:51,045 - PokeXHelper - INFO - PokeXGames Helper logging initialized
2025-06-26 13:11:51,236 - PokeXHelper - INFO - Initializing PokeXGames Helper
2025-06-26 13:11:51,239 - PokeXHelper - INFO - Components initialized successfully
2025-06-26 13:11:51,272 - PokeXHelper - INFO - PokeXGames Helper interface initialized
2025-06-26 13:11:51,286 - PokeXHelper - INFO - Configuration loaded from file
2025-06-26 13:11:51,286 - PokeXHelper - INFO - Selection configured from saved coordinates: (64,516) to (260,528)
2025-06-26 13:11:51,363 - PokeXHelper - INFO - Loaded health_bar: (64,516) to (260,528)
2025-06-26 13:11:51,466 - PokeXHelper - INFO - Selection configured from saved coordinates: (3173,46) to (3436,366)
2025-06-26 13:11:51,527 - PokeXHelper - INFO - Loaded minimap: (3173,46) to (3436,366)
2025-06-26 13:11:51,595 - PokeXHelper - INFO - Selection configured from saved coordinates: (13,412) to (280,787)
2025-06-26 13:11:51,663 - PokeXHelper - INFO - Loaded battle_area: (13,412) to (280,787)
2025-06-26 13:11:51,729 - PokeXHelper - INFO - Configuration loaded: 3/3 areas restored
2025-06-26 13:11:51,733 - PokeXHelper - INFO - Refreshing steps display - 2 steps
2025-06-26 13:11:52,405 - PokeXHelper - INFO - Navigation ready with 2 configured steps
2025-06-26 13:11:52,406 - PokeXHelper - INFO - Loaded 2 navigation steps
2025-06-26 13:11:52,406 - PokeXHelper - INFO - Configuration loaded from file
2025-06-26 13:11:52,406 - PokeXHelper - INFO - PokeXGames Helper GUI initialized successfully
2025-06-26 13:11:55,621 - PokeXHelper - INFO - Configuration loaded from file
2025-06-26 13:11:55,622 - PokeXHelper - INFO - Saving health_bar: (64,516) to (260,528)
2025-06-26 13:11:55,622 - PokeXHelper - INFO - Saving minimap: (3173,46) to (3436,366)
2025-06-26 13:11:55,622 - PokeXHelper - INFO - Saving battle_area: (13,412) to (280,787)
2025-06-26 13:11:55,622 - PokeXHelper - INFO - Serialized 2 steps for saving
2025-06-26 13:11:55,624 - PokeXHelper - INFO - Configuration saved to file
2025-06-26 13:11:55,624 - PokeXHelper - INFO - Configuration saved successfully - 3/3 areas saved
2025-06-26 13:11:55,624 - PokeXHelper - INFO - Application closing gracefully
