2025-06-26 14:19:20,679 - PokeXHelper - INFO - PokeXGames Helper logging initialized
2025-06-26 14:19:20,908 - PokeXHelper - INFO - Initializing PokeXGames Helper
2025-06-26 14:19:20,948 - PokeXHelper - INFO - Components initialized successfully
2025-06-26 14:19:20,998 - PokeXHelper - INFO - PokeXGames Helper interface initialized
2025-06-26 14:19:21,002 - PokeXHelper - INFO - Configuration loaded from file
2025-06-26 14:19:21,002 - PokeXHelper - INFO - Selection configured from saved coordinates: (64,516) to (260,528)
2025-06-26 14:19:21,294 - PokeXHelper - INFO - Selection configured from saved coordinates: (3173,46) to (3436,366)
2025-06-26 14:19:21,530 - PokeXHelper - INFO - Selection configured from saved coordinates: (13,412) to (280,787)
2025-06-26 14:19:21,777 - PokeXHelper - INFO - Loaded 2 navigation steps
2025-06-26 14:19:21,782 - PokeXHelper - INFO - PokeXGames Helper GUI initialized successfully
2025-06-26 14:19:25,515 - PokeXHelper - INFO - Starting navigation with 2 valid steps
2025-06-26 14:19:25,725 - PokeXHelper - INFO -  Starting navigation sequence with 2 steps
2025-06-26 14:19:25,736 - PokeXHelper - INFO -  Found 2 active steps, 2 ready with icons
2025-06-26 14:19:25,747 - PokeXHelper - INFO -  Processing step 1/2: 'step first'
2025-06-26 14:19:25,754 - PokeXHelper - INFO -  Executing step 1: 'step first'
2025-06-26 14:19:25,925 - PokeXHelper - INFO -  Found step 1 icon at (3286, 216) with 100.0% confidence
2025-06-26 14:19:26,208 - PokeXHelper - INFO -  Clicked at (3286, 216) for step 1
2025-06-26 14:19:26,259 - PokeXHelper - INFO -  Moved mouse to screen center (1720, 720)
2025-06-26 14:19:26,263 - PokeXHelper - INFO -  Waiting 4.0 seconds for step completion
2025-06-26 14:19:30,279 - PokeXHelper - INFO -  Validating completion of step 1: 'step first'
2025-06-26 14:19:30,788 - PokeXHelper - INFO -  Step has coordinate validation: 3953,3633,6
2025-06-26 14:19:32,174 - PokeXHelper - WARNING -  OCR found text: '' but no valid coordinates
2025-06-26 14:19:32,566 - PokeXHelper - WARNING -  OCR text found: '' but no coordinates matched
2025-06-26 14:19:33,415 - PokeXHelper - WARNING -  OCR found text: '' but no valid coordinates
2025-06-26 14:19:33,432 - PokeXHelper - INFO -  Saved coordinate area screenshot: debug_images/coordinate_area_1750958373.png
2025-06-26 14:19:33,436 - PokeXHelper - WARNING -  Could not get current coordinates on attempt 1
2025-06-26 14:19:35,488 - PokeXHelper - WARNING -  OCR found text: '' but no valid coordinates
2025-06-26 14:19:35,871 - PokeXHelper - WARNING -  OCR text found: '' but no coordinates matched
2025-06-26 14:19:36,749 - PokeXHelper - WARNING -  OCR found text: '' but no valid coordinates
2025-06-26 14:19:36,759 - PokeXHelper - INFO -  Saved coordinate area screenshot: debug_images/coordinate_area_1750958376.png
2025-06-26 14:19:36,766 - PokeXHelper - WARNING -  Could not get current coordinates on attempt 2
2025-06-26 14:19:38,825 - PokeXHelper - WARNING -  OCR found text: '' but no valid coordinates
2025-06-26 14:19:39,199 - PokeXHelper - WARNING -  OCR text found: '' but no coordinates matched
2025-06-26 14:19:40,185 - PokeXHelper - WARNING -  OCR found text: '' but no valid coordinates
2025-06-26 14:19:40,198 - PokeXHelper - INFO -  Saved coordinate area screenshot: debug_images/coordinate_area_1750958380.png
2025-06-26 14:19:40,205 - PokeXHelper - WARNING -  Could not get current coordinates on attempt 3
